mode: set
github.com/Lance-Mao/flash-sale-system/pkg/uniqueid/sn.go:19.38,21.2 1 1
github.com/Lance-Mao/flash-sale-system/pkg/uniqueid/uniqueid.go:10.13,12.2 1 1
github.com/Lance-Mao/flash-sale-system/pkg/uniqueid/uniqueid.go:14.20,17.16 2 0
github.com/Lance-Mao/flash-sale-system/pkg/uniqueid/uniqueid.go:17.16,19.13 2 0
github.com/Lance-Mao/flash-sale-system/pkg/uniqueid/uniqueid.go:22.2,22.18 1 0
github.com/Lance-Mao/flash-sale-system/pkg/tool/coinconvert.go:8.34,11.2 2 0
github.com/Lance-Mao/flash-sale-system/pkg/tool/coinconvert.go:14.35,19.2 2 0
github.com/Lance-Mao/flash-sale-system/pkg/tool/encryption.go:11.37,14.16 3 1
github.com/Lance-Mao/flash-sale-system/pkg/tool/encryption.go:14.16,15.13 1 0
github.com/Lance-Mao/flash-sale-system/pkg/tool/encryption.go:17.2,18.31 2 1
github.com/Lance-Mao/flash-sale-system/pkg/tool/encryption.go:21.34,23.2 1 0
github.com/Lance-Mao/flash-sale-system/pkg/tool/krand.go:16.39,20.28 4 0
github.com/Lance-Mao/flash-sale-system/pkg/tool/krand.go:20.28,21.13 1 0
github.com/Lance-Mao/flash-sale-system/pkg/tool/krand.go:21.13,23.4 1 0
github.com/Lance-Mao/flash-sale-system/pkg/tool/krand.go:24.3,25.45 2 0
github.com/Lance-Mao/flash-sale-system/pkg/tool/krand.go:27.2,27.23 1 0
github.com/Lance-Mao/flash-sale-system/pkg/tool/placeholders.go:6.35,8.27 2 0
github.com/Lance-Mao/flash-sale-system/pkg/tool/placeholders.go:8.27,10.3 1 0
github.com/Lance-Mao/flash-sale-system/pkg/tool/placeholders.go:11.2,11.11 1 0
github.com/Lance-Mao/flash-sale-system/pkg/tool/placeholders.go:11.11,13.3 1 0
github.com/Lance-Mao/flash-sale-system/pkg/tool/placeholders.go:14.2,14.19 1 0
github.com/Lance-Mao/flash-sale-system/app/mqueue/cmd/job/mqueue.go:19.13,26.34 4 0
github.com/Lance-Mao/flash-sale-system/app/mqueue/cmd/job/mqueue.go:26.34,27.13 1 0
github.com/Lance-Mao/flash-sale-system/app/mqueue/cmd/job/mqueue.go:32.2,37.56 5 0
github.com/Lance-Mao/flash-sale-system/app/mqueue/cmd/job/mqueue.go:37.56,40.3 2 0
github.com/Lance-Mao/flash-sale-system/app/mqueue/cmd/scheduler/mqueue.go:18.13,27.34 5 0
github.com/Lance-Mao/flash-sale-system/app/mqueue/cmd/scheduler/mqueue.go:27.34,28.13 1 0
github.com/Lance-Mao/flash-sale-system/app/mqueue/cmd/scheduler/mqueue.go:31.2,36.51 5 0
github.com/Lance-Mao/flash-sale-system/app/mqueue/cmd/scheduler/mqueue.go:36.51,39.3 2 0
github.com/Lance-Mao/flash-sale-system/app/mqueue/cmd/scheduler/internal/svc/scheduler.go:12.53,21.80 2 0
github.com/Lance-Mao/flash-sale-system/app/mqueue/cmd/scheduler/internal/svc/scheduler.go:21.80,23.5 1 0
github.com/Lance-Mao/flash-sale-system/app/mqueue/cmd/scheduler/internal/svc/serviceContext.go:14.57,19.2 1 0
github.com/Lance-Mao/flash-sale-system/app/mqueue/cmd/job/internal/logic/closeOrder.go:23.90,27.2 1 0
github.com/Lance-Mao/flash-sale-system/app/mqueue/cmd/job/internal/logic/closeOrder.go:30.91,33.56 2 0
github.com/Lance-Mao/flash-sale-system/app/mqueue/cmd/job/internal/logic/closeOrder.go:33.56,35.3 1 0
github.com/Lance-Mao/flash-sale-system/app/mqueue/cmd/job/internal/logic/closeOrder.go:37.2,40.45 2 0
github.com/Lance-Mao/flash-sale-system/app/mqueue/cmd/job/internal/logic/closeOrder.go:40.45,42.3 1 0
github.com/Lance-Mao/flash-sale-system/app/mqueue/cmd/job/internal/logic/closeOrder.go:44.2,44.75 1 0
github.com/Lance-Mao/flash-sale-system/app/mqueue/cmd/job/internal/logic/closeOrder.go:44.75,49.17 2 0
github.com/Lance-Mao/flash-sale-system/app/mqueue/cmd/job/internal/logic/closeOrder.go:49.17,51.4 1 0
github.com/Lance-Mao/flash-sale-system/app/mqueue/cmd/job/internal/logic/closeOrder.go:54.2,54.12 1 0
github.com/Lance-Mao/flash-sale-system/app/mqueue/cmd/job/internal/logic/paySuccessNotifyUser.go:33.94,37.2 1 0
github.com/Lance-Mao/flash-sale-system/app/mqueue/cmd/job/internal/logic/paySuccessNotifyUser.go:39.93,42.56 2 0
github.com/Lance-Mao/flash-sale-system/app/mqueue/cmd/job/internal/logic/paySuccessNotifyUser.go:42.56,44.3 1 0
github.com/Lance-Mao/flash-sale-system/app/mqueue/cmd/job/internal/logic/paySuccessNotifyUser.go:47.2,51.16 2 0
github.com/Lance-Mao/flash-sale-system/app/mqueue/cmd/job/internal/logic/paySuccessNotifyUser.go:51.16,53.3 1 0
github.com/Lance-Mao/flash-sale-system/app/mqueue/cmd/job/internal/logic/paySuccessNotifyUser.go:54.2,54.81 1 0
github.com/Lance-Mao/flash-sale-system/app/mqueue/cmd/job/internal/logic/paySuccessNotifyUser.go:54.81,56.3 1 0
github.com/Lance-Mao/flash-sale-system/app/mqueue/cmd/job/internal/logic/paySuccessNotifyUser.go:57.2,61.27 3 0
github.com/Lance-Mao/flash-sale-system/app/mqueue/cmd/job/internal/logic/paySuccessNotifyUser.go:61.27,63.3 1 0
github.com/Lance-Mao/flash-sale-system/app/mqueue/cmd/job/internal/logic/paySuccessNotifyUser.go:65.2,65.12 1 0
github.com/Lance-Mao/flash-sale-system/app/mqueue/cmd/job/internal/logic/paySuccessNotifyUser.go:69.130,94.2 1 0
github.com/Lance-Mao/flash-sale-system/app/mqueue/cmd/job/internal/logic/paySuccessNotifyUser.go:97.95,99.45 1 0
github.com/Lance-Mao/flash-sale-system/app/mqueue/cmd/job/internal/logic/paySuccessNotifyUser.go:99.45,101.3 1 0
github.com/Lance-Mao/flash-sale-system/app/mqueue/cmd/job/internal/logic/paySuccessNotifyUser.go:101.8,103.3 1 0
github.com/Lance-Mao/flash-sale-system/app/mqueue/cmd/job/internal/logic/paySuccessNotifyUser.go:105.2,109.6 3 0
github.com/Lance-Mao/flash-sale-system/app/mqueue/cmd/job/internal/logic/paySuccessNotifyUser.go:109.6,113.17 3 0
github.com/Lance-Mao/flash-sale-system/app/mqueue/cmd/job/internal/logic/paySuccessNotifyUser.go:113.17,114.30 1 0
github.com/Lance-Mao/flash-sale-system/app/mqueue/cmd/job/internal/logic/paySuccessNotifyUser.go:114.30,117.5 2 0
github.com/Lance-Mao/flash-sale-system/app/mqueue/cmd/job/internal/logic/paySuccessNotifyUser.go:118.4,119.12 2 0
github.com/Lance-Mao/flash-sale-system/app/mqueue/cmd/job/internal/logic/paySuccessNotifyUser.go:122.3,122.9 1 0
github.com/Lance-Mao/flash-sale-system/app/mqueue/cmd/job/internal/logic/routes.go:16.75,21.2 1 0
github.com/Lance-Mao/flash-sale-system/app/mqueue/cmd/job/internal/logic/routes.go:24.46,40.2 5 0
github.com/Lance-Mao/flash-sale-system/app/mqueue/cmd/job/internal/logic/settleRecord.go:16.78,20.2 1 0
github.com/Lance-Mao/flash-sale-system/app/mqueue/cmd/job/internal/logic/settleRecord.go:23.85,28.2 2 0
github.com/Lance-Mao/flash-sale-system/app/mqueue/cmd/job/internal/svc/asynqServer.go:10.52,15.36 1 0
github.com/Lance-Mao/flash-sale-system/app/mqueue/cmd/job/internal/svc/asynqServer.go:15.36,18.5 2 0
github.com/Lance-Mao/flash-sale-system/app/mqueue/cmd/job/internal/svc/miniprogramClient.go:12.69,20.2 1 0
github.com/Lance-Mao/flash-sale-system/app/mqueue/cmd/job/internal/svc/serviceContext.go:21.57,29.2 1 0
github.com/Lance-Mao/flash-sale-system/app/mqueue/cmd/scheduler/internal/logic/register.go:14.89,19.2 1 0
github.com/Lance-Mao/flash-sale-system/app/mqueue/cmd/scheduler/internal/logic/register.go:21.38,24.2 1 0
github.com/Lance-Mao/flash-sale-system/app/mqueue/cmd/scheduler/internal/logic/settleRecordJob.go:12.51,17.16 3 0
github.com/Lance-Mao/flash-sale-system/app/mqueue/cmd/scheduler/internal/logic/settleRecordJob.go:17.16,19.3 1 0
github.com/Lance-Mao/flash-sale-system/app/mqueue/cmd/scheduler/internal/logic/settleRecordJob.go:20.2,20.80 1 0
github.com/Lance-Mao/flash-sale-system/app/order/cmd/api/internal/handler/routes.go:13.75,35.2 1 0
github.com/Lance-Mao/flash-sale-system/app/order/cmd/api/internal/svc/serviceContext.go:20.57,28.2 1 0
github.com/Lance-Mao/flash-sale-system/app/order/cmd/api/internal/logic/homestayOrder/createHomestayOrderLogic.go:24.108,30.2 1 0
github.com/Lance-Mao/flash-sale-system/app/order/cmd/api/internal/logic/homestayOrder/createHomestayOrderLogic.go:33.130,38.16 2 0
github.com/Lance-Mao/flash-sale-system/app/order/cmd/api/internal/logic/homestayOrder/createHomestayOrderLogic.go:38.16,40.3 1 0
github.com/Lance-Mao/flash-sale-system/app/order/cmd/api/internal/logic/homestayOrder/createHomestayOrderLogic.go:41.2,41.67 1 0
github.com/Lance-Mao/flash-sale-system/app/order/cmd/api/internal/logic/homestayOrder/createHomestayOrderLogic.go:41.67,43.3 1 0
github.com/Lance-Mao/flash-sale-system/app/order/cmd/api/internal/logic/homestayOrder/createHomestayOrderLogic.go:45.2,56.16 3 0
github.com/Lance-Mao/flash-sale-system/app/order/cmd/api/internal/logic/homestayOrder/createHomestayOrderLogic.go:56.16,58.3 1 0
github.com/Lance-Mao/flash-sale-system/app/order/cmd/api/internal/logic/homestayOrder/createHomestayOrderLogic.go:60.2,62.8 1 0
github.com/Lance-Mao/flash-sale-system/app/order/cmd/api/internal/logic/homestayOrder/userHomestayOrderDetailLogic.go:26.116,32.2 1 0
github.com/Lance-Mao/flash-sale-system/app/order/cmd/api/internal/logic/homestayOrder/userHomestayOrderDetailLogic.go:34.146,41.16 3 0
github.com/Lance-Mao/flash-sale-system/app/order/cmd/api/internal/logic/homestayOrder/userHomestayOrderDetailLogic.go:41.16,43.3 1 0
github.com/Lance-Mao/flash-sale-system/app/order/cmd/api/internal/logic/homestayOrder/userHomestayOrderDetailLogic.go:45.2,46.70 2 0
github.com/Lance-Mao/flash-sale-system/app/order/cmd/api/internal/logic/homestayOrder/userHomestayOrderDetailLogic.go:46.70,59.144 8 0
github.com/Lance-Mao/flash-sale-system/app/order/cmd/api/internal/logic/homestayOrder/userHomestayOrderDetailLogic.go:59.144,63.18 2 0
github.com/Lance-Mao/flash-sale-system/app/order/cmd/api/internal/logic/homestayOrder/userHomestayOrderDetailLogic.go:63.18,65.5 1 0
github.com/Lance-Mao/flash-sale-system/app/order/cmd/api/internal/logic/homestayOrder/userHomestayOrderDetailLogic.go:67.4,67.40 1 0
github.com/Lance-Mao/flash-sale-system/app/order/cmd/api/internal/logic/homestayOrder/userHomestayOrderDetailLogic.go:67.40,70.5 2 0
github.com/Lance-Mao/flash-sale-system/app/order/cmd/api/internal/logic/homestayOrder/userHomestayOrderDetailLogic.go:73.3,73.32 1 0
github.com/Lance-Mao/flash-sale-system/app/order/cmd/api/internal/logic/homestayOrder/userHomestayOrderDetailLogic.go:76.2,76.17 1 0
github.com/Lance-Mao/flash-sale-system/app/order/cmd/api/internal/logic/homestayOrder/userHomestayOrderListLogic.go:24.112,30.2 1 0
github.com/Lance-Mao/flash-sale-system/app/order/cmd/api/internal/logic/homestayOrder/userHomestayOrderListLogic.go:32.138,42.16 3 0
github.com/Lance-Mao/flash-sale-system/app/order/cmd/api/internal/logic/homestayOrder/userHomestayOrderListLogic.go:42.16,44.3 1 0
github.com/Lance-Mao/flash-sale-system/app/order/cmd/api/internal/logic/homestayOrder/userHomestayOrderListLogic.go:46.2,48.24 2 0
github.com/Lance-Mao/flash-sale-system/app/order/cmd/api/internal/logic/homestayOrder/userHomestayOrderListLogic.go:48.24,55.43 1 0
github.com/Lance-Mao/flash-sale-system/app/order/cmd/api/internal/logic/homestayOrder/userHomestayOrderListLogic.go:55.43,63.4 4 0
github.com/Lance-Mao/flash-sale-system/app/order/cmd/api/internal/logic/homestayOrder/userHomestayOrderListLogic.go:66.2,68.8 1 0
github.com/Lance-Mao/flash-sale-system/app/order/cmd/api/internal/handler/homestayOrder/createHomestayOrderHandler.go:14.75,15.54 1 0
github.com/Lance-Mao/flash-sale-system/app/order/cmd/api/internal/handler/homestayOrder/createHomestayOrderHandler.go:15.54,17.46 2 0
github.com/Lance-Mao/flash-sale-system/app/order/cmd/api/internal/handler/homestayOrder/createHomestayOrderHandler.go:17.46,20.4 2 0
github.com/Lance-Mao/flash-sale-system/app/order/cmd/api/internal/handler/homestayOrder/createHomestayOrderHandler.go:22.3,24.37 3 0
github.com/Lance-Mao/flash-sale-system/app/order/cmd/api/internal/handler/homestayOrder/userHomestayOrderDetailHandler.go:14.79,15.54 1 0
github.com/Lance-Mao/flash-sale-system/app/order/cmd/api/internal/handler/homestayOrder/userHomestayOrderDetailHandler.go:15.54,17.46 2 0
github.com/Lance-Mao/flash-sale-system/app/order/cmd/api/internal/handler/homestayOrder/userHomestayOrderDetailHandler.go:17.46,20.4 2 0
github.com/Lance-Mao/flash-sale-system/app/order/cmd/api/internal/handler/homestayOrder/userHomestayOrderDetailHandler.go:22.3,24.37 3 0
github.com/Lance-Mao/flash-sale-system/app/order/cmd/api/internal/handler/homestayOrder/userHomestayOrderListHandler.go:14.77,15.54 1 0
github.com/Lance-Mao/flash-sale-system/app/order/cmd/api/internal/handler/homestayOrder/userHomestayOrderListHandler.go:15.54,17.46 2 0
github.com/Lance-Mao/flash-sale-system/app/order/cmd/api/internal/handler/homestayOrder/userHomestayOrderListHandler.go:17.46,20.4 2 0
github.com/Lance-Mao/flash-sale-system/app/order/cmd/api/internal/handler/homestayOrder/userHomestayOrderListHandler.go:22.3,24.37 3 0
github.com/Lance-Mao/flash-sale-system/app/order/cmd/api/order.go:15.13,29.2 8 0
github.com/Lance-Mao/flash-sale-system/app/order/cmd/rpc/internal/logic/createHomestayOrderLogic.go:32.109,38.2 1 0
github.com/Lance-Mao/flash-sale-system/app/order/cmd/rpc/internal/logic/createHomestayOrderLogic.go:41.124,44.40 1 0
github.com/Lance-Mao/flash-sale-system/app/order/cmd/rpc/internal/logic/createHomestayOrderLogic.go:44.40,46.3 1 0
github.com/Lance-Mao/flash-sale-system/app/order/cmd/rpc/internal/logic/createHomestayOrderLogic.go:48.2,51.16 2 0
github.com/Lance-Mao/flash-sale-system/app/order/cmd/rpc/internal/logic/createHomestayOrderLogic.go:51.16,53.3 1 0
github.com/Lance-Mao/flash-sale-system/app/order/cmd/rpc/internal/logic/createHomestayOrderLogic.go:54.2,54.26 1 0
github.com/Lance-Mao/flash-sale-system/app/order/cmd/rpc/internal/logic/createHomestayOrderLogic.go:54.26,56.3 1 0
github.com/Lance-Mao/flash-sale-system/app/order/cmd/rpc/internal/logic/createHomestayOrderLogic.go:58.2,59.35 2 0
github.com/Lance-Mao/flash-sale-system/app/order/cmd/rpc/internal/logic/createHomestayOrderLogic.go:59.35,61.3 1 0
github.com/Lance-Mao/flash-sale-system/app/order/cmd/rpc/internal/logic/createHomestayOrderLogic.go:63.2,89.15 25 0
github.com/Lance-Mao/flash-sale-system/app/order/cmd/rpc/internal/logic/createHomestayOrderLogic.go:89.15,93.3 2 0
github.com/Lance-Mao/flash-sale-system/app/order/cmd/rpc/internal/logic/createHomestayOrderLogic.go:95.2,98.16 3 0
github.com/Lance-Mao/flash-sale-system/app/order/cmd/rpc/internal/logic/createHomestayOrderLogic.go:98.16,100.3 1 0
github.com/Lance-Mao/flash-sale-system/app/order/cmd/rpc/internal/logic/createHomestayOrderLogic.go:103.2,104.16 2 0
github.com/Lance-Mao/flash-sale-system/app/order/cmd/rpc/internal/logic/createHomestayOrderLogic.go:104.16,106.3 1 0
github.com/Lance-Mao/flash-sale-system/app/order/cmd/rpc/internal/logic/createHomestayOrderLogic.go:106.8,108.17 2 0
github.com/Lance-Mao/flash-sale-system/app/order/cmd/rpc/internal/logic/createHomestayOrderLogic.go:108.17,110.4 1 0
github.com/Lance-Mao/flash-sale-system/app/order/cmd/rpc/internal/logic/createHomestayOrderLogic.go:113.2,115.8 1 0
github.com/Lance-Mao/flash-sale-system/app/order/cmd/rpc/internal/logic/homestayOrderDetailLogic.go:22.109,28.2 1 0
github.com/Lance-Mao/flash-sale-system/app/order/cmd/rpc/internal/logic/homestayOrderDetailLogic.go:30.124,33.44 2 0
github.com/Lance-Mao/flash-sale-system/app/order/cmd/rpc/internal/logic/homestayOrderDetailLogic.go:33.44,35.3 1 0
github.com/Lance-Mao/flash-sale-system/app/order/cmd/rpc/internal/logic/homestayOrderDetailLogic.go:37.2,38.26 2 0
github.com/Lance-Mao/flash-sale-system/app/order/cmd/rpc/internal/logic/homestayOrderDetailLogic.go:38.26,45.3 4 0
github.com/Lance-Mao/flash-sale-system/app/order/cmd/rpc/internal/logic/homestayOrderDetailLogic.go:47.2,49.8 1 0
github.com/Lance-Mao/flash-sale-system/app/order/cmd/rpc/internal/logic/updateHomestayOrderTradeStateLogic.go:25.129,31.2 1 0
github.com/Lance-Mao/flash-sale-system/app/order/cmd/rpc/internal/logic/updateHomestayOrderTradeStateLogic.go:34.164,38.44 2 0
github.com/Lance-Mao/flash-sale-system/app/order/cmd/rpc/internal/logic/updateHomestayOrderTradeStateLogic.go:38.44,40.3 1 0
github.com/Lance-Mao/flash-sale-system/app/order/cmd/rpc/internal/logic/updateHomestayOrderTradeStateLogic.go:41.2,41.26 1 0
github.com/Lance-Mao/flash-sale-system/app/order/cmd/rpc/internal/logic/updateHomestayOrderTradeStateLogic.go:41.26,43.3 1 0
github.com/Lance-Mao/flash-sale-system/app/order/cmd/rpc/internal/logic/updateHomestayOrderTradeStateLogic.go:45.2,45.47 1 0
github.com/Lance-Mao/flash-sale-system/app/order/cmd/rpc/internal/logic/updateHomestayOrderTradeStateLogic.go:45.47,47.3 1 0
github.com/Lance-Mao/flash-sale-system/app/order/cmd/rpc/internal/logic/updateHomestayOrderTradeStateLogic.go:50.2,50.89 1 0
github.com/Lance-Mao/flash-sale-system/app/order/cmd/rpc/internal/logic/updateHomestayOrderTradeStateLogic.go:50.89,52.3 1 0
github.com/Lance-Mao/flash-sale-system/app/order/cmd/rpc/internal/logic/updateHomestayOrderTradeStateLogic.go:55.2,56.97 2 0
github.com/Lance-Mao/flash-sale-system/app/order/cmd/rpc/internal/logic/updateHomestayOrderTradeStateLogic.go:56.97,58.3 1 0
github.com/Lance-Mao/flash-sale-system/app/order/cmd/rpc/internal/logic/updateHomestayOrderTradeStateLogic.go:61.2,61.59 1 0
github.com/Lance-Mao/flash-sale-system/app/order/cmd/rpc/internal/logic/updateHomestayOrderTradeStateLogic.go:61.59,63.17 2 0
github.com/Lance-Mao/flash-sale-system/app/order/cmd/rpc/internal/logic/updateHomestayOrderTradeStateLogic.go:63.17,65.4 1 0
github.com/Lance-Mao/flash-sale-system/app/order/cmd/rpc/internal/logic/updateHomestayOrderTradeStateLogic.go:65.9,67.18 2 0
github.com/Lance-Mao/flash-sale-system/app/order/cmd/rpc/internal/logic/updateHomestayOrderTradeStateLogic.go:67.18,69.5 1 0
github.com/Lance-Mao/flash-sale-system/app/order/cmd/rpc/internal/logic/updateHomestayOrderTradeStateLogic.go:73.2,82.8 1 0
github.com/Lance-Mao/flash-sale-system/app/order/cmd/rpc/internal/logic/updateHomestayOrderTradeStateLogic.go:86.110,87.59 1 0
github.com/Lance-Mao/flash-sale-system/app/order/cmd/rpc/internal/logic/updateHomestayOrderTradeStateLogic.go:87.59,92.3 1 0
github.com/Lance-Mao/flash-sale-system/app/order/cmd/rpc/internal/logic/updateHomestayOrderTradeStateLogic.go:94.2,94.58 1 0
github.com/Lance-Mao/flash-sale-system/app/order/cmd/rpc/internal/logic/updateHomestayOrderTradeStateLogic.go:94.58,96.60 1 0
github.com/Lance-Mao/flash-sale-system/app/order/cmd/rpc/internal/logic/updateHomestayOrderTradeStateLogic.go:96.60,101.4 1 0
github.com/Lance-Mao/flash-sale-system/app/order/cmd/rpc/internal/logic/updateHomestayOrderTradeStateLogic.go:103.8,103.66 1 0
github.com/Lance-Mao/flash-sale-system/app/order/cmd/rpc/internal/logic/updateHomestayOrderTradeStateLogic.go:103.66,104.60 1 0
github.com/Lance-Mao/flash-sale-system/app/order/cmd/rpc/internal/logic/updateHomestayOrderTradeStateLogic.go:104.60,109.4 1 0
github.com/Lance-Mao/flash-sale-system/app/order/cmd/rpc/internal/logic/updateHomestayOrderTradeStateLogic.go:110.8,110.63 1 0
github.com/Lance-Mao/flash-sale-system/app/order/cmd/rpc/internal/logic/updateHomestayOrderTradeStateLogic.go:110.63,111.60 1 0
github.com/Lance-Mao/flash-sale-system/app/order/cmd/rpc/internal/logic/updateHomestayOrderTradeStateLogic.go:111.60,116.4 1 0
github.com/Lance-Mao/flash-sale-system/app/order/cmd/rpc/internal/logic/updateHomestayOrderTradeStateLogic.go:117.8,117.65 1 0
github.com/Lance-Mao/flash-sale-system/app/order/cmd/rpc/internal/logic/updateHomestayOrderTradeStateLogic.go:117.65,118.60 1 0
github.com/Lance-Mao/flash-sale-system/app/order/cmd/rpc/internal/logic/updateHomestayOrderTradeStateLogic.go:118.60,123.4 1 0
github.com/Lance-Mao/flash-sale-system/app/order/cmd/rpc/internal/logic/updateHomestayOrderTradeStateLogic.go:124.8,124.65 1 0
github.com/Lance-Mao/flash-sale-system/app/order/cmd/rpc/internal/logic/updateHomestayOrderTradeStateLogic.go:124.65,125.60 1 0
github.com/Lance-Mao/flash-sale-system/app/order/cmd/rpc/internal/logic/updateHomestayOrderTradeStateLogic.go:125.60,130.4 1 0
github.com/Lance-Mao/flash-sale-system/app/order/cmd/rpc/internal/logic/updateHomestayOrderTradeStateLogic.go:133.2,133.12 1 0
github.com/Lance-Mao/flash-sale-system/app/order/cmd/rpc/internal/logic/userHomestayOrderListLogic.go:24.113,30.2 1 0
github.com/Lance-Mao/flash-sale-system/app/order/cmd/rpc/internal/logic/userHomestayOrderListLogic.go:32.132,36.116 2 0
github.com/Lance-Mao/flash-sale-system/app/order/cmd/rpc/internal/logic/userHomestayOrderListLogic.go:36.116,38.3 1 0
github.com/Lance-Mao/flash-sale-system/app/order/cmd/rpc/internal/logic/userHomestayOrderListLogic.go:40.2,41.44 2 0
github.com/Lance-Mao/flash-sale-system/app/order/cmd/rpc/internal/logic/userHomestayOrderListLogic.go:41.44,43.3 1 0
github.com/Lance-Mao/flash-sale-system/app/order/cmd/rpc/internal/logic/userHomestayOrderListLogic.go:45.2,46.19 2 0
github.com/Lance-Mao/flash-sale-system/app/order/cmd/rpc/internal/logic/userHomestayOrderListLogic.go:46.19,52.38 1 0
github.com/Lance-Mao/flash-sale-system/app/order/cmd/rpc/internal/logic/userHomestayOrderListLogic.go:52.38,61.4 6 0
github.com/Lance-Mao/flash-sale-system/app/order/cmd/rpc/internal/logic/userHomestayOrderListLogic.go:64.2,66.8 1 0
github.com/Lance-Mao/flash-sale-system/app/order/cmd/mq/order.go:15.13,22.34 4 0
github.com/Lance-Mao/flash-sale-system/app/order/cmd/mq/order.go:22.34,23.13 1 0
github.com/Lance-Mao/flash-sale-system/app/order/cmd/mq/order.go:26.2,29.35 3 0
github.com/Lance-Mao/flash-sale-system/app/order/cmd/mq/order.go:29.35,31.3 1 0
github.com/Lance-Mao/flash-sale-system/app/order/cmd/mq/order.go:33.2,33.22 1 0
github.com/Lance-Mao/flash-sale-system/app/order/cmd/mq/internal/mqs/kq/paymentUpdateStatus.go:27.103,32.2 1 0
github.com/Lance-Mao/flash-sale-system/app/order/cmd/mq/internal/mqs/kq/paymentUpdateStatus.go:34.62,37.62 2 0
github.com/Lance-Mao/flash-sale-system/app/order/cmd/mq/internal/mqs/kq/paymentUpdateStatus.go:37.62,40.3 2 0
github.com/Lance-Mao/flash-sale-system/app/order/cmd/mq/internal/mqs/kq/paymentUpdateStatus.go:42.2,42.47 1 0
github.com/Lance-Mao/flash-sale-system/app/order/cmd/mq/internal/mqs/kq/paymentUpdateStatus.go:42.47,45.3 2 0
github.com/Lance-Mao/flash-sale-system/app/order/cmd/mq/internal/mqs/kq/paymentUpdateStatus.go:47.2,47.12 1 0
github.com/Lance-Mao/flash-sale-system/app/order/cmd/mq/internal/mqs/kq/paymentUpdateStatus.go:50.108,53.28 2 0
github.com/Lance-Mao/flash-sale-system/app/order/cmd/mq/internal/mqs/kq/paymentUpdateStatus.go:53.28,59.17 2 0
github.com/Lance-Mao/flash-sale-system/app/order/cmd/mq/internal/mqs/kq/paymentUpdateStatus.go:59.17,61.4 1 0
github.com/Lance-Mao/flash-sale-system/app/order/cmd/mq/internal/mqs/kq/paymentUpdateStatus.go:64.2,64.12 1 0
github.com/Lance-Mao/flash-sale-system/app/order/cmd/mq/internal/mqs/kq/paymentUpdateStatus.go:68.106,70.31 1 0
github.com/Lance-Mao/flash-sale-system/app/order/cmd/mq/internal/mqs/kq/paymentUpdateStatus.go:71.53,72.46 1 0
github.com/Lance-Mao/flash-sale-system/app/order/cmd/mq/internal/mqs/kq/paymentUpdateStatus.go:73.52,74.45 1 0
github.com/Lance-Mao/flash-sale-system/app/order/cmd/mq/internal/mqs/kq/paymentUpdateStatus.go:75.10,76.13 1 0
github.com/Lance-Mao/flash-sale-system/app/order/cmd/mq/internal/svc/serviceContext.go:18.57,25.2 1 0
github.com/Lance-Mao/flash-sale-system/app/order/cmd/rpc/order.go:22.13,30.73 6 0
github.com/Lance-Mao/flash-sale-system/app/order/cmd/rpc/order.go:30.73,33.62 2 0
github.com/Lance-Mao/flash-sale-system/app/order/cmd/rpc/order.go:33.62,35.4 1 0
github.com/Lance-Mao/flash-sale-system/app/order/cmd/rpc/order.go:39.2,44.11 4 0
github.com/Lance-Mao/flash-sale-system/app/order/cmd/mq/internal/listen/kqMqs.go:15.100,23.2 1 0
github.com/Lance-Mao/flash-sale-system/app/order/cmd/mq/internal/listen/listen.go:13.45,24.2 5 0
github.com/Lance-Mao/flash-sale-system/app/order/cmd/rpc/order/order.go:42.38,46.2 1 0
github.com/Lance-Mao/flash-sale-system/app/order/cmd/rpc/order/order.go:49.152,52.2 2 0
github.com/Lance-Mao/flash-sale-system/app/order/cmd/rpc/order/order.go:55.152,58.2 2 0
github.com/Lance-Mao/flash-sale-system/app/order/cmd/rpc/order/order.go:61.182,64.2 2 0
github.com/Lance-Mao/flash-sale-system/app/order/cmd/rpc/order/order.go:67.158,70.2 2 0
github.com/Lance-Mao/flash-sale-system/app/order/cmd/rpc/internal/server/orderServer.go:18.62,22.2 1 0
github.com/Lance-Mao/flash-sale-system/app/order/cmd/rpc/internal/server/orderServer.go:25.132,28.2 2 0
github.com/Lance-Mao/flash-sale-system/app/order/cmd/rpc/internal/server/orderServer.go:31.132,34.2 2 0
github.com/Lance-Mao/flash-sale-system/app/order/cmd/rpc/internal/server/orderServer.go:37.162,40.2 2 0
github.com/Lance-Mao/flash-sale-system/app/order/cmd/rpc/internal/server/orderServer.go:43.138,46.2 2 0
github.com/Lance-Mao/flash-sale-system/app/order/model/homestayOrderModel.go:23.85,27.2 1 0
github.com/Lance-Mao/flash-sale-system/app/order/model/homestayOrderModel_gen.go:93.93,98.2 1 0
github.com/Lance-Mao/flash-sale-system/app/order/model/homestayOrderModel_gen.go:100.128,105.100 5 0
github.com/Lance-Mao/flash-sale-system/app/order/model/homestayOrderModel_gen.go:105.100,107.21 2 0
github.com/Lance-Mao/flash-sale-system/app/order/model/homestayOrderModel_gen.go:107.21,109.4 1 0
github.com/Lance-Mao/flash-sale-system/app/order/model/homestayOrderModel_gen.go:110.3,110.509 1 0
github.com/Lance-Mao/flash-sale-system/app/order/model/homestayOrderModel_gen.go:114.100,117.135 3 0
github.com/Lance-Mao/flash-sale-system/app/order/model/homestayOrderModel_gen.go:117.135,120.3 2 0
github.com/Lance-Mao/flash-sale-system/app/order/model/homestayOrderModel_gen.go:121.2,121.13 1 0
github.com/Lance-Mao/flash-sale-system/app/order/model/homestayOrderModel_gen.go:122.11,123.20 1 0
github.com/Lance-Mao/flash-sale-system/app/order/model/homestayOrderModel_gen.go:124.24,125.26 1 0
github.com/Lance-Mao/flash-sale-system/app/order/model/homestayOrderModel_gen.go:126.10,127.18 1 0
github.com/Lance-Mao/flash-sale-system/app/order/model/homestayOrderModel_gen.go:131.105,134.176 3 0
github.com/Lance-Mao/flash-sale-system/app/order/model/homestayOrderModel_gen.go:134.176,136.87 2 0
github.com/Lance-Mao/flash-sale-system/app/order/model/homestayOrderModel_gen.go:136.87,138.4 1 0
github.com/Lance-Mao/flash-sale-system/app/order/model/homestayOrderModel_gen.go:139.3,139.22 1 0
github.com/Lance-Mao/flash-sale-system/app/order/model/homestayOrderModel_gen.go:141.2,141.13 1 0
github.com/Lance-Mao/flash-sale-system/app/order/model/homestayOrderModel_gen.go:142.11,143.20 1 0
github.com/Lance-Mao/flash-sale-system/app/order/model/homestayOrderModel_gen.go:144.24,145.26 1 0
github.com/Lance-Mao/flash-sale-system/app/order/model/homestayOrderModel_gen.go:146.10,147.18 1 0
github.com/Lance-Mao/flash-sale-system/app/order/model/homestayOrderModel_gen.go:151.131,153.16 2 0
github.com/Lance-Mao/flash-sale-system/app/order/model/homestayOrderModel_gen.go:153.16,155.3 1 0
github.com/Lance-Mao/flash-sale-system/app/order/model/homestayOrderModel_gen.go:156.2,158.100 3 0
github.com/Lance-Mao/flash-sale-system/app/order/model/homestayOrderModel_gen.go:158.100,160.21 2 0
github.com/Lance-Mao/flash-sale-system/app/order/model/homestayOrderModel_gen.go:160.21,162.4 1 0
github.com/Lance-Mao/flash-sale-system/app/order/model/homestayOrderModel_gen.go:163.3,163.605 1 0
github.com/Lance-Mao/flash-sale-system/app/order/model/homestayOrderModel_gen.go:167.128,176.16 6 0
github.com/Lance-Mao/flash-sale-system/app/order/model/homestayOrderModel_gen.go:176.16,178.3 1 0
github.com/Lance-Mao/flash-sale-system/app/order/model/homestayOrderModel_gen.go:179.2,181.110 3 0
github.com/Lance-Mao/flash-sale-system/app/order/model/homestayOrderModel_gen.go:181.110,183.21 2 0
github.com/Lance-Mao/flash-sale-system/app/order/model/homestayOrderModel_gen.go:183.21,185.4 1 0
github.com/Lance-Mao/flash-sale-system/app/order/model/homestayOrderModel_gen.go:186.3,186.617 1 0
github.com/Lance-Mao/flash-sale-system/app/order/model/homestayOrderModel_gen.go:188.2,188.16 1 0
github.com/Lance-Mao/flash-sale-system/app/order/model/homestayOrderModel_gen.go:188.16,190.3 1 0
github.com/Lance-Mao/flash-sale-system/app/order/model/homestayOrderModel_gen.go:191.2,192.16 2 0
github.com/Lance-Mao/flash-sale-system/app/order/model/homestayOrderModel_gen.go:192.16,194.3 1 0
github.com/Lance-Mao/flash-sale-system/app/order/model/homestayOrderModel_gen.go:195.2,195.22 1 0
github.com/Lance-Mao/flash-sale-system/app/order/model/homestayOrderModel_gen.go:195.22,197.3 1 0
github.com/Lance-Mao/flash-sale-system/app/order/model/homestayOrderModel_gen.go:199.2,199.12 1 0
github.com/Lance-Mao/flash-sale-system/app/order/model/homestayOrderModel_gen.go:202.118,205.64 3 0
github.com/Lance-Mao/flash-sale-system/app/order/model/homestayOrderModel_gen.go:205.64,207.3 1 0
github.com/Lance-Mao/flash-sale-system/app/order/model/homestayOrderModel_gen.go:208.2,208.12 1 0
github.com/Lance-Mao/flash-sale-system/app/order/model/homestayOrderModel_gen.go:211.129,213.21 1 0
github.com/Lance-Mao/flash-sale-system/app/order/model/homestayOrderModel_gen.go:213.21,215.3 1 0
github.com/Lance-Mao/flash-sale-system/app/order/model/homestayOrderModel_gen.go:217.2,220.16 3 0
github.com/Lance-Mao/flash-sale-system/app/order/model/homestayOrderModel_gen.go:220.16,222.3 1 0
github.com/Lance-Mao/flash-sale-system/app/order/model/homestayOrderModel_gen.go:224.2,226.13 3 0
github.com/Lance-Mao/flash-sale-system/app/order/model/homestayOrderModel_gen.go:227.11,228.19 1 0
github.com/Lance-Mao/flash-sale-system/app/order/model/homestayOrderModel_gen.go:229.10,230.16 1 0
github.com/Lance-Mao/flash-sale-system/app/order/model/homestayOrderModel_gen.go:234.129,236.21 1 0
github.com/Lance-Mao/flash-sale-system/app/order/model/homestayOrderModel_gen.go:236.21,238.3 1 0
github.com/Lance-Mao/flash-sale-system/app/order/model/homestayOrderModel_gen.go:240.2,243.16 3 0
github.com/Lance-Mao/flash-sale-system/app/order/model/homestayOrderModel_gen.go:243.16,245.3 1 0
github.com/Lance-Mao/flash-sale-system/app/order/model/homestayOrderModel_gen.go:247.2,249.13 3 0
github.com/Lance-Mao/flash-sale-system/app/order/model/homestayOrderModel_gen.go:250.11,251.19 1 0
github.com/Lance-Mao/flash-sale-system/app/order/model/homestayOrderModel_gen.go:252.10,253.16 1 0
github.com/Lance-Mao/flash-sale-system/app/order/model/homestayOrderModel_gen.go:257.140,261.19 2 0
github.com/Lance-Mao/flash-sale-system/app/order/model/homestayOrderModel_gen.go:261.19,263.3 1 0
github.com/Lance-Mao/flash-sale-system/app/order/model/homestayOrderModel_gen.go:263.8,265.3 1 0
github.com/Lance-Mao/flash-sale-system/app/order/model/homestayOrderModel_gen.go:267.2,268.16 2 0
github.com/Lance-Mao/flash-sale-system/app/order/model/homestayOrderModel_gen.go:268.16,270.3 1 0
github.com/Lance-Mao/flash-sale-system/app/order/model/homestayOrderModel_gen.go:272.2,274.13 3 0
github.com/Lance-Mao/flash-sale-system/app/order/model/homestayOrderModel_gen.go:275.11,276.19 1 0
github.com/Lance-Mao/flash-sale-system/app/order/model/homestayOrderModel_gen.go:277.10,278.18 1 0
github.com/Lance-Mao/flash-sale-system/app/order/model/homestayOrderModel_gen.go:282.173,286.19 2 0
github.com/Lance-Mao/flash-sale-system/app/order/model/homestayOrderModel_gen.go:286.19,288.3 1 0
github.com/Lance-Mao/flash-sale-system/app/order/model/homestayOrderModel_gen.go:288.8,290.3 1 0
github.com/Lance-Mao/flash-sale-system/app/order/model/homestayOrderModel_gen.go:292.2,292.14 1 0
github.com/Lance-Mao/flash-sale-system/app/order/model/homestayOrderModel_gen.go:292.14,294.3 1 0
github.com/Lance-Mao/flash-sale-system/app/order/model/homestayOrderModel_gen.go:295.2,298.16 3 0
github.com/Lance-Mao/flash-sale-system/app/order/model/homestayOrderModel_gen.go:298.16,300.3 1 0
github.com/Lance-Mao/flash-sale-system/app/order/model/homestayOrderModel_gen.go:302.2,304.13 3 0
github.com/Lance-Mao/flash-sale-system/app/order/model/homestayOrderModel_gen.go:305.11,306.19 1 0
github.com/Lance-Mao/flash-sale-system/app/order/model/homestayOrderModel_gen.go:307.10,308.18 1 0
github.com/Lance-Mao/flash-sale-system/app/order/model/homestayOrderModel_gen.go:312.189,315.16 2 0
github.com/Lance-Mao/flash-sale-system/app/order/model/homestayOrderModel_gen.go:315.16,317.3 1 0
github.com/Lance-Mao/flash-sale-system/app/order/model/homestayOrderModel_gen.go:319.2,321.19 2 0
github.com/Lance-Mao/flash-sale-system/app/order/model/homestayOrderModel_gen.go:321.19,323.3 1 0
github.com/Lance-Mao/flash-sale-system/app/order/model/homestayOrderModel_gen.go:323.8,325.3 1 0
github.com/Lance-Mao/flash-sale-system/app/order/model/homestayOrderModel_gen.go:327.2,327.14 1 0
github.com/Lance-Mao/flash-sale-system/app/order/model/homestayOrderModel_gen.go:327.14,329.3 1 0
github.com/Lance-Mao/flash-sale-system/app/order/model/homestayOrderModel_gen.go:330.2,333.16 3 0
github.com/Lance-Mao/flash-sale-system/app/order/model/homestayOrderModel_gen.go:333.16,335.3 1 0
github.com/Lance-Mao/flash-sale-system/app/order/model/homestayOrderModel_gen.go:337.2,339.13 3 0
github.com/Lance-Mao/flash-sale-system/app/order/model/homestayOrderModel_gen.go:340.11,341.26 1 0
github.com/Lance-Mao/flash-sale-system/app/order/model/homestayOrderModel_gen.go:342.10,343.25 1 0
github.com/Lance-Mao/flash-sale-system/app/order/model/homestayOrderModel_gen.go:347.163,351.18 2 0
github.com/Lance-Mao/flash-sale-system/app/order/model/homestayOrderModel_gen.go:351.18,353.3 1 0
github.com/Lance-Mao/flash-sale-system/app/order/model/homestayOrderModel_gen.go:355.2,356.16 2 0
github.com/Lance-Mao/flash-sale-system/app/order/model/homestayOrderModel_gen.go:356.16,358.3 1 0
github.com/Lance-Mao/flash-sale-system/app/order/model/homestayOrderModel_gen.go:360.2,362.13 3 0
github.com/Lance-Mao/flash-sale-system/app/order/model/homestayOrderModel_gen.go:363.11,364.19 1 0
github.com/Lance-Mao/flash-sale-system/app/order/model/homestayOrderModel_gen.go:365.10,366.18 1 0
github.com/Lance-Mao/flash-sale-system/app/order/model/homestayOrderModel_gen.go:370.162,374.18 2 0
github.com/Lance-Mao/flash-sale-system/app/order/model/homestayOrderModel_gen.go:374.18,376.3 1 0
github.com/Lance-Mao/flash-sale-system/app/order/model/homestayOrderModel_gen.go:378.2,379.16 2 0
github.com/Lance-Mao/flash-sale-system/app/order/model/homestayOrderModel_gen.go:379.16,381.3 1 0
github.com/Lance-Mao/flash-sale-system/app/order/model/homestayOrderModel_gen.go:383.2,385.13 3 0
github.com/Lance-Mao/flash-sale-system/app/order/model/homestayOrderModel_gen.go:386.11,387.19 1 0
github.com/Lance-Mao/flash-sale-system/app/order/model/homestayOrderModel_gen.go:388.10,389.18 1 0
github.com/Lance-Mao/flash-sale-system/app/order/model/homestayOrderModel_gen.go:393.128,395.82 1 0
github.com/Lance-Mao/flash-sale-system/app/order/model/homestayOrderModel_gen.go:395.82,397.3 1 0
github.com/Lance-Mao/flash-sale-system/app/order/model/homestayOrderModel_gen.go:401.76,403.2 1 0
github.com/Lance-Mao/flash-sale-system/app/order/model/homestayOrderModel_gen.go:404.103,406.16 2 0
github.com/Lance-Mao/flash-sale-system/app/order/model/homestayOrderModel_gen.go:406.16,408.3 1 0
github.com/Lance-Mao/flash-sale-system/app/order/model/homestayOrderModel_gen.go:410.2,412.102 3 0
github.com/Lance-Mao/flash-sale-system/app/order/model/homestayOrderModel_gen.go:412.102,414.21 2 0
github.com/Lance-Mao/flash-sale-system/app/order/model/homestayOrderModel_gen.go:414.21,416.4 1 0
github.com/Lance-Mao/flash-sale-system/app/order/model/homestayOrderModel_gen.go:417.3,417.38 1 0
github.com/Lance-Mao/flash-sale-system/app/order/model/homestayOrderModel_gen.go:419.2,419.12 1 0
github.com/Lance-Mao/flash-sale-system/app/order/model/homestayOrderModel_gen.go:421.79,423.2 1 0
github.com/Lance-Mao/flash-sale-system/app/order/model/homestayOrderModel_gen.go:424.120,427.2 2 0
github.com/Lance-Mao/flash-sale-system/app/order/model/homestayOrderModel_gen.go:429.56,431.2 1 0
github.com/Lance-Mao/flash-sale-system/app/order/cmd/rpc/internal/svc/asynqClient.go:9.52,11.2 1 0
github.com/Lance-Mao/flash-sale-system/app/order/cmd/rpc/internal/svc/serviceContext.go:22.57,31.2 1 0
github.com/Lance-Mao/flash-sale-system/app/order/cmd/rpc/pb/order.pb.go:61.33,63.29 2 0
github.com/Lance-Mao/flash-sale-system/app/order/cmd/rpc/pb/order.pb.go:63.29,67.3 3 0
github.com/Lance-Mao/flash-sale-system/app/order/cmd/rpc/pb/order.pb.go:70.41,72.2 1 0
github.com/Lance-Mao/flash-sale-system/app/order/cmd/rpc/pb/order.pb.go:74.39,74.40 0 0
github.com/Lance-Mao/flash-sale-system/app/order/cmd/rpc/pb/order.pb.go:76.61,78.41 2 0
github.com/Lance-Mao/flash-sale-system/app/order/cmd/rpc/pb/order.pb.go:78.41,80.34 2 0
github.com/Lance-Mao/flash-sale-system/app/order/cmd/rpc/pb/order.pb.go:80.34,82.4 1 0
github.com/Lance-Mao/flash-sale-system/app/order/cmd/rpc/pb/order.pb.go:83.3,83.12 1 0
github.com/Lance-Mao/flash-sale-system/app/order/cmd/rpc/pb/order.pb.go:85.2,85.24 1 0
github.com/Lance-Mao/flash-sale-system/app/order/cmd/rpc/pb/order.pb.go:89.52,91.2 1 0
github.com/Lance-Mao/flash-sale-system/app/order/cmd/rpc/pb/order.pb.go:93.39,94.14 1 0
github.com/Lance-Mao/flash-sale-system/app/order/cmd/rpc/pb/order.pb.go:94.14,96.3 1 0
github.com/Lance-Mao/flash-sale-system/app/order/cmd/rpc/pb/order.pb.go:97.2,97.10 1 0
github.com/Lance-Mao/flash-sale-system/app/order/cmd/rpc/pb/order.pb.go:100.40,101.14 1 0
github.com/Lance-Mao/flash-sale-system/app/order/cmd/rpc/pb/order.pb.go:101.14,103.3 1 0
github.com/Lance-Mao/flash-sale-system/app/order/cmd/rpc/pb/order.pb.go:104.2,104.11 1 0
github.com/Lance-Mao/flash-sale-system/app/order/cmd/rpc/pb/order.pb.go:107.43,108.14 1 0
github.com/Lance-Mao/flash-sale-system/app/order/cmd/rpc/pb/order.pb.go:108.14,110.3 1 0
github.com/Lance-Mao/flash-sale-system/app/order/cmd/rpc/pb/order.pb.go:111.2,111.10 1 0
github.com/Lance-Mao/flash-sale-system/app/order/cmd/rpc/pb/order.pb.go:114.47,115.14 1 0
github.com/Lance-Mao/flash-sale-system/app/order/cmd/rpc/pb/order.pb.go:115.14,117.3 1 0
github.com/Lance-Mao/flash-sale-system/app/order/cmd/rpc/pb/order.pb.go:118.2,118.10 1 0
github.com/Lance-Mao/flash-sale-system/app/order/cmd/rpc/pb/order.pb.go:121.43,122.14 1 0
github.com/Lance-Mao/flash-sale-system/app/order/cmd/rpc/pb/order.pb.go:122.14,124.3 1 0
github.com/Lance-Mao/flash-sale-system/app/order/cmd/rpc/pb/order.pb.go:125.2,125.11 1 0
github.com/Lance-Mao/flash-sale-system/app/order/cmd/rpc/pb/order.pb.go:128.46,129.14 1 0
github.com/Lance-Mao/flash-sale-system/app/order/cmd/rpc/pb/order.pb.go:129.14,131.3 1 0
github.com/Lance-Mao/flash-sale-system/app/order/cmd/rpc/pb/order.pb.go:132.2,132.11 1 0
github.com/Lance-Mao/flash-sale-system/app/order/cmd/rpc/pb/order.pb.go:135.43,136.14 1 0
github.com/Lance-Mao/flash-sale-system/app/order/cmd/rpc/pb/order.pb.go:136.14,138.3 1 0
github.com/Lance-Mao/flash-sale-system/app/order/cmd/rpc/pb/order.pb.go:139.2,139.11 1 0
github.com/Lance-Mao/flash-sale-system/app/order/cmd/rpc/pb/order.pb.go:142.42,143.14 1 0
github.com/Lance-Mao/flash-sale-system/app/order/cmd/rpc/pb/order.pb.go:143.14,145.3 1 0
github.com/Lance-Mao/flash-sale-system/app/order/cmd/rpc/pb/order.pb.go:146.2,146.11 1 0
github.com/Lance-Mao/flash-sale-system/app/order/cmd/rpc/pb/order.pb.go:149.46,150.14 1 0
github.com/Lance-Mao/flash-sale-system/app/order/cmd/rpc/pb/order.pb.go:150.14,152.3 1 0
github.com/Lance-Mao/flash-sale-system/app/order/cmd/rpc/pb/order.pb.go:153.2,153.10 1 0
github.com/Lance-Mao/flash-sale-system/app/order/cmd/rpc/pb/order.pb.go:156.44,157.14 1 0
github.com/Lance-Mao/flash-sale-system/app/order/cmd/rpc/pb/order.pb.go:157.14,159.3 1 0
github.com/Lance-Mao/flash-sale-system/app/order/cmd/rpc/pb/order.pb.go:160.2,160.10 1 0
github.com/Lance-Mao/flash-sale-system/app/order/cmd/rpc/pb/order.pb.go:163.46,164.14 1 0
github.com/Lance-Mao/flash-sale-system/app/order/cmd/rpc/pb/order.pb.go:164.14,166.3 1 0
github.com/Lance-Mao/flash-sale-system/app/order/cmd/rpc/pb/order.pb.go:167.2,167.11 1 0
github.com/Lance-Mao/flash-sale-system/app/order/cmd/rpc/pb/order.pb.go:170.46,171.14 1 0
github.com/Lance-Mao/flash-sale-system/app/order/cmd/rpc/pb/order.pb.go:171.14,173.3 1 0
github.com/Lance-Mao/flash-sale-system/app/order/cmd/rpc/pb/order.pb.go:174.2,174.10 1 0
github.com/Lance-Mao/flash-sale-system/app/order/cmd/rpc/pb/order.pb.go:177.50,178.14 1 0
github.com/Lance-Mao/flash-sale-system/app/order/cmd/rpc/pb/order.pb.go:178.14,180.3 1 0
github.com/Lance-Mao/flash-sale-system/app/order/cmd/rpc/pb/order.pb.go:181.2,181.10 1 0
github.com/Lance-Mao/flash-sale-system/app/order/cmd/rpc/pb/order.pb.go:184.56,185.14 1 0
github.com/Lance-Mao/flash-sale-system/app/order/cmd/rpc/pb/order.pb.go:185.14,187.3 1 0
github.com/Lance-Mao/flash-sale-system/app/order/cmd/rpc/pb/order.pb.go:188.2,188.10 1 0
github.com/Lance-Mao/flash-sale-system/app/order/cmd/rpc/pb/order.pb.go:191.55,192.14 1 0
github.com/Lance-Mao/flash-sale-system/app/order/cmd/rpc/pb/order.pb.go:192.14,194.3 1 0
github.com/Lance-Mao/flash-sale-system/app/order/cmd/rpc/pb/order.pb.go:195.2,195.10 1 0
github.com/Lance-Mao/flash-sale-system/app/order/cmd/rpc/pb/order.pb.go:198.51,199.14 1 0
github.com/Lance-Mao/flash-sale-system/app/order/cmd/rpc/pb/order.pb.go:199.14,201.3 1 0
github.com/Lance-Mao/flash-sale-system/app/order/cmd/rpc/pb/order.pb.go:202.2,202.10 1 0
github.com/Lance-Mao/flash-sale-system/app/order/cmd/rpc/pb/order.pb.go:205.50,206.14 1 0
github.com/Lance-Mao/flash-sale-system/app/order/cmd/rpc/pb/order.pb.go:206.14,208.3 1 0
github.com/Lance-Mao/flash-sale-system/app/order/cmd/rpc/pb/order.pb.go:209.2,209.10 1 0
github.com/Lance-Mao/flash-sale-system/app/order/cmd/rpc/pb/order.pb.go:212.48,213.14 1 0
github.com/Lance-Mao/flash-sale-system/app/order/cmd/rpc/pb/order.pb.go:213.14,215.3 1 0
github.com/Lance-Mao/flash-sale-system/app/order/cmd/rpc/pb/order.pb.go:216.2,216.10 1 0
github.com/Lance-Mao/flash-sale-system/app/order/cmd/rpc/pb/order.pb.go:219.50,220.14 1 0
github.com/Lance-Mao/flash-sale-system/app/order/cmd/rpc/pb/order.pb.go:220.14,222.3 1 0
github.com/Lance-Mao/flash-sale-system/app/order/cmd/rpc/pb/order.pb.go:223.2,223.10 1 0
github.com/Lance-Mao/flash-sale-system/app/order/cmd/rpc/pb/order.pb.go:226.47,227.14 1 0
github.com/Lance-Mao/flash-sale-system/app/order/cmd/rpc/pb/order.pb.go:227.14,229.3 1 0
github.com/Lance-Mao/flash-sale-system/app/order/cmd/rpc/pb/order.pb.go:230.2,230.10 1 0
github.com/Lance-Mao/flash-sale-system/app/order/cmd/rpc/pb/order.pb.go:233.47,234.14 1 0
github.com/Lance-Mao/flash-sale-system/app/order/cmd/rpc/pb/order.pb.go:234.14,236.3 1 0
github.com/Lance-Mao/flash-sale-system/app/order/cmd/rpc/pb/order.pb.go:237.2,237.11 1 0
github.com/Lance-Mao/flash-sale-system/app/order/cmd/rpc/pb/order.pb.go:240.44,241.14 1 0
github.com/Lance-Mao/flash-sale-system/app/order/cmd/rpc/pb/order.pb.go:241.14,243.3 1 0
github.com/Lance-Mao/flash-sale-system/app/order/cmd/rpc/pb/order.pb.go:244.2,244.11 1 0
github.com/Lance-Mao/flash-sale-system/app/order/cmd/rpc/pb/order.pb.go:247.52,248.14 1 0
github.com/Lance-Mao/flash-sale-system/app/order/cmd/rpc/pb/order.pb.go:248.14,250.3 1 0
github.com/Lance-Mao/flash-sale-system/app/order/cmd/rpc/pb/order.pb.go:251.2,251.10 1 0
github.com/Lance-Mao/flash-sale-system/app/order/cmd/rpc/pb/order.pb.go:254.51,255.14 1 0
github.com/Lance-Mao/flash-sale-system/app/order/cmd/rpc/pb/order.pb.go:255.14,257.3 1 0
github.com/Lance-Mao/flash-sale-system/app/order/cmd/rpc/pb/order.pb.go:258.2,258.10 1 0
github.com/Lance-Mao/flash-sale-system/app/order/cmd/rpc/pb/order.pb.go:261.55,262.14 1 0
github.com/Lance-Mao/flash-sale-system/app/order/cmd/rpc/pb/order.pb.go:262.14,264.3 1 0
github.com/Lance-Mao/flash-sale-system/app/order/cmd/rpc/pb/order.pb.go:265.2,265.10 1 0
github.com/Lance-Mao/flash-sale-system/app/order/cmd/rpc/pb/order.pb.go:268.47,269.14 1 0
github.com/Lance-Mao/flash-sale-system/app/order/cmd/rpc/pb/order.pb.go:269.14,271.3 1 0
github.com/Lance-Mao/flash-sale-system/app/order/cmd/rpc/pb/order.pb.go:272.2,272.10 1 0
github.com/Lance-Mao/flash-sale-system/app/order/cmd/rpc/pb/order.pb.go:289.42,291.29 2 0
github.com/Lance-Mao/flash-sale-system/app/order/cmd/rpc/pb/order.pb.go:291.29,295.3 3 0
github.com/Lance-Mao/flash-sale-system/app/order/cmd/rpc/pb/order.pb.go:298.50,300.2 1 0
github.com/Lance-Mao/flash-sale-system/app/order/cmd/rpc/pb/order.pb.go:302.48,302.49 0 0
github.com/Lance-Mao/flash-sale-system/app/order/cmd/rpc/pb/order.pb.go:304.70,306.41 2 0
github.com/Lance-Mao/flash-sale-system/app/order/cmd/rpc/pb/order.pb.go:306.41,308.34 2 0
github.com/Lance-Mao/flash-sale-system/app/order/cmd/rpc/pb/order.pb.go:308.34,310.4 1 0
github.com/Lance-Mao/flash-sale-system/app/order/cmd/rpc/pb/order.pb.go:311.3,311.12 1 0
github.com/Lance-Mao/flash-sale-system/app/order/cmd/rpc/pb/order.pb.go:313.2,313.24 1 0
github.com/Lance-Mao/flash-sale-system/app/order/cmd/rpc/pb/order.pb.go:317.61,319.2 1 0
github.com/Lance-Mao/flash-sale-system/app/order/cmd/rpc/pb/order.pb.go:321.56,322.14 1 0
github.com/Lance-Mao/flash-sale-system/app/order/cmd/rpc/pb/order.pb.go:322.14,324.3 1 0
github.com/Lance-Mao/flash-sale-system/app/order/cmd/rpc/pb/order.pb.go:325.2,325.10 1 0
github.com/Lance-Mao/flash-sale-system/app/order/cmd/rpc/pb/order.pb.go:328.51,329.14 1 0
github.com/Lance-Mao/flash-sale-system/app/order/cmd/rpc/pb/order.pb.go:329.14,331.3 1 0
github.com/Lance-Mao/flash-sale-system/app/order/cmd/rpc/pb/order.pb.go:332.2,332.14 1 0
github.com/Lance-Mao/flash-sale-system/app/order/cmd/rpc/pb/order.pb.go:335.59,336.14 1 0
github.com/Lance-Mao/flash-sale-system/app/order/cmd/rpc/pb/order.pb.go:336.14,338.3 1 0
github.com/Lance-Mao/flash-sale-system/app/order/cmd/rpc/pb/order.pb.go:339.2,339.10 1 0
github.com/Lance-Mao/flash-sale-system/app/order/cmd/rpc/pb/order.pb.go:342.57,343.14 1 0
github.com/Lance-Mao/flash-sale-system/app/order/cmd/rpc/pb/order.pb.go:343.14,345.3 1 0
github.com/Lance-Mao/flash-sale-system/app/order/cmd/rpc/pb/order.pb.go:346.2,346.10 1 0
github.com/Lance-Mao/flash-sale-system/app/order/cmd/rpc/pb/order.pb.go:349.52,350.14 1 0
github.com/Lance-Mao/flash-sale-system/app/order/cmd/rpc/pb/order.pb.go:350.14,352.3 1 0
github.com/Lance-Mao/flash-sale-system/app/order/cmd/rpc/pb/order.pb.go:353.2,353.10 1 0
github.com/Lance-Mao/flash-sale-system/app/order/cmd/rpc/pb/order.pb.go:356.59,357.14 1 0
github.com/Lance-Mao/flash-sale-system/app/order/cmd/rpc/pb/order.pb.go:357.14,359.3 1 0
github.com/Lance-Mao/flash-sale-system/app/order/cmd/rpc/pb/order.pb.go:360.2,360.10 1 0
github.com/Lance-Mao/flash-sale-system/app/order/cmd/rpc/pb/order.pb.go:363.53,364.14 1 0
github.com/Lance-Mao/flash-sale-system/app/order/cmd/rpc/pb/order.pb.go:364.14,366.3 1 0
github.com/Lance-Mao/flash-sale-system/app/order/cmd/rpc/pb/order.pb.go:367.2,367.11 1 0
github.com/Lance-Mao/flash-sale-system/app/order/cmd/rpc/pb/order.pb.go:378.43,380.29 2 0
github.com/Lance-Mao/flash-sale-system/app/order/cmd/rpc/pb/order.pb.go:380.29,384.3 3 0
github.com/Lance-Mao/flash-sale-system/app/order/cmd/rpc/pb/order.pb.go:387.51,389.2 1 0
github.com/Lance-Mao/flash-sale-system/app/order/cmd/rpc/pb/order.pb.go:391.49,391.50 0 0
github.com/Lance-Mao/flash-sale-system/app/order/cmd/rpc/pb/order.pb.go:393.71,395.41 2 0
github.com/Lance-Mao/flash-sale-system/app/order/cmd/rpc/pb/order.pb.go:395.41,397.34 2 0
github.com/Lance-Mao/flash-sale-system/app/order/cmd/rpc/pb/order.pb.go:397.34,399.4 1 0
github.com/Lance-Mao/flash-sale-system/app/order/cmd/rpc/pb/order.pb.go:400.3,400.12 1 0
github.com/Lance-Mao/flash-sale-system/app/order/cmd/rpc/pb/order.pb.go:402.2,402.24 1 0
github.com/Lance-Mao/flash-sale-system/app/order/cmd/rpc/pb/order.pb.go:406.62,408.2 1 0
github.com/Lance-Mao/flash-sale-system/app/order/cmd/rpc/pb/order.pb.go:410.50,411.14 1 0
github.com/Lance-Mao/flash-sale-system/app/order/cmd/rpc/pb/order.pb.go:411.14,413.3 1 0
github.com/Lance-Mao/flash-sale-system/app/order/cmd/rpc/pb/order.pb.go:414.2,414.11 1 0
github.com/Lance-Mao/flash-sale-system/app/order/cmd/rpc/pb/order.pb.go:425.42,427.29 2 0
github.com/Lance-Mao/flash-sale-system/app/order/cmd/rpc/pb/order.pb.go:427.29,431.3 3 0
github.com/Lance-Mao/flash-sale-system/app/order/cmd/rpc/pb/order.pb.go:434.50,436.2 1 0
github.com/Lance-Mao/flash-sale-system/app/order/cmd/rpc/pb/order.pb.go:438.48,438.49 0 0
github.com/Lance-Mao/flash-sale-system/app/order/cmd/rpc/pb/order.pb.go:440.70,442.41 2 0
github.com/Lance-Mao/flash-sale-system/app/order/cmd/rpc/pb/order.pb.go:442.41,444.34 2 0
github.com/Lance-Mao/flash-sale-system/app/order/cmd/rpc/pb/order.pb.go:444.34,446.4 1 0
github.com/Lance-Mao/flash-sale-system/app/order/cmd/rpc/pb/order.pb.go:447.3,447.12 1 0
github.com/Lance-Mao/flash-sale-system/app/order/cmd/rpc/pb/order.pb.go:449.2,449.24 1 0
github.com/Lance-Mao/flash-sale-system/app/order/cmd/rpc/pb/order.pb.go:453.61,455.2 1 0
github.com/Lance-Mao/flash-sale-system/app/order/cmd/rpc/pb/order.pb.go:457.49,458.14 1 0
github.com/Lance-Mao/flash-sale-system/app/order/cmd/rpc/pb/order.pb.go:458.14,460.3 1 0
github.com/Lance-Mao/flash-sale-system/app/order/cmd/rpc/pb/order.pb.go:461.2,461.11 1 0
github.com/Lance-Mao/flash-sale-system/app/order/cmd/rpc/pb/order.pb.go:472.43,474.29 2 0
github.com/Lance-Mao/flash-sale-system/app/order/cmd/rpc/pb/order.pb.go:474.29,478.3 3 0
github.com/Lance-Mao/flash-sale-system/app/order/cmd/rpc/pb/order.pb.go:481.51,483.2 1 0
github.com/Lance-Mao/flash-sale-system/app/order/cmd/rpc/pb/order.pb.go:485.49,485.50 0 0
github.com/Lance-Mao/flash-sale-system/app/order/cmd/rpc/pb/order.pb.go:487.71,489.41 2 0
github.com/Lance-Mao/flash-sale-system/app/order/cmd/rpc/pb/order.pb.go:489.41,491.34 2 0
github.com/Lance-Mao/flash-sale-system/app/order/cmd/rpc/pb/order.pb.go:491.34,493.4 1 0
github.com/Lance-Mao/flash-sale-system/app/order/cmd/rpc/pb/order.pb.go:494.3,494.12 1 0
github.com/Lance-Mao/flash-sale-system/app/order/cmd/rpc/pb/order.pb.go:496.2,496.24 1 0
github.com/Lance-Mao/flash-sale-system/app/order/cmd/rpc/pb/order.pb.go:500.62,502.2 1 0
github.com/Lance-Mao/flash-sale-system/app/order/cmd/rpc/pb/order.pb.go:504.69,505.14 1 0
github.com/Lance-Mao/flash-sale-system/app/order/cmd/rpc/pb/order.pb.go:505.14,507.3 1 0
github.com/Lance-Mao/flash-sale-system/app/order/cmd/rpc/pb/order.pb.go:508.2,508.12 1 0
github.com/Lance-Mao/flash-sale-system/app/order/cmd/rpc/pb/order.pb.go:520.52,522.29 2 0
github.com/Lance-Mao/flash-sale-system/app/order/cmd/rpc/pb/order.pb.go:522.29,526.3 3 0
github.com/Lance-Mao/flash-sale-system/app/order/cmd/rpc/pb/order.pb.go:529.60,531.2 1 0
github.com/Lance-Mao/flash-sale-system/app/order/cmd/rpc/pb/order.pb.go:533.58,533.59 0 0
github.com/Lance-Mao/flash-sale-system/app/order/cmd/rpc/pb/order.pb.go:535.80,537.41 2 0
github.com/Lance-Mao/flash-sale-system/app/order/cmd/rpc/pb/order.pb.go:537.41,539.34 2 0
github.com/Lance-Mao/flash-sale-system/app/order/cmd/rpc/pb/order.pb.go:539.34,541.4 1 0
github.com/Lance-Mao/flash-sale-system/app/order/cmd/rpc/pb/order.pb.go:542.3,542.12 1 0
github.com/Lance-Mao/flash-sale-system/app/order/cmd/rpc/pb/order.pb.go:544.2,544.24 1 0
github.com/Lance-Mao/flash-sale-system/app/order/cmd/rpc/pb/order.pb.go:548.71,550.2 1 0
github.com/Lance-Mao/flash-sale-system/app/order/cmd/rpc/pb/order.pb.go:552.59,553.14 1 0
github.com/Lance-Mao/flash-sale-system/app/order/cmd/rpc/pb/order.pb.go:553.14,555.3 1 0
github.com/Lance-Mao/flash-sale-system/app/order/cmd/rpc/pb/order.pb.go:556.2,556.11 1 0
github.com/Lance-Mao/flash-sale-system/app/order/cmd/rpc/pb/order.pb.go:559.66,560.14 1 0
github.com/Lance-Mao/flash-sale-system/app/order/cmd/rpc/pb/order.pb.go:560.14,562.3 1 0
github.com/Lance-Mao/flash-sale-system/app/order/cmd/rpc/pb/order.pb.go:563.2,563.10 1 0
github.com/Lance-Mao/flash-sale-system/app/order/cmd/rpc/pb/order.pb.go:581.53,583.29 2 0
github.com/Lance-Mao/flash-sale-system/app/order/cmd/rpc/pb/order.pb.go:583.29,587.3 3 0
github.com/Lance-Mao/flash-sale-system/app/order/cmd/rpc/pb/order.pb.go:590.61,592.2 1 0
github.com/Lance-Mao/flash-sale-system/app/order/cmd/rpc/pb/order.pb.go:594.59,594.60 0 0
github.com/Lance-Mao/flash-sale-system/app/order/cmd/rpc/pb/order.pb.go:596.81,598.41 2 0
github.com/Lance-Mao/flash-sale-system/app/order/cmd/rpc/pb/order.pb.go:598.41,600.34 2 0
github.com/Lance-Mao/flash-sale-system/app/order/cmd/rpc/pb/order.pb.go:600.34,602.4 1 0
github.com/Lance-Mao/flash-sale-system/app/order/cmd/rpc/pb/order.pb.go:603.3,603.12 1 0
github.com/Lance-Mao/flash-sale-system/app/order/cmd/rpc/pb/order.pb.go:605.2,605.24 1 0
github.com/Lance-Mao/flash-sale-system/app/order/cmd/rpc/pb/order.pb.go:609.72,611.2 1 0
github.com/Lance-Mao/flash-sale-system/app/order/cmd/rpc/pb/order.pb.go:613.59,614.14 1 0
github.com/Lance-Mao/flash-sale-system/app/order/cmd/rpc/pb/order.pb.go:614.14,616.3 1 0
github.com/Lance-Mao/flash-sale-system/app/order/cmd/rpc/pb/order.pb.go:617.2,617.10 1 0
github.com/Lance-Mao/flash-sale-system/app/order/cmd/rpc/pb/order.pb.go:620.63,621.14 1 0
github.com/Lance-Mao/flash-sale-system/app/order/cmd/rpc/pb/order.pb.go:621.14,623.3 1 0
github.com/Lance-Mao/flash-sale-system/app/order/cmd/rpc/pb/order.pb.go:624.2,624.10 1 0
github.com/Lance-Mao/flash-sale-system/app/order/cmd/rpc/pb/order.pb.go:627.60,628.14 1 0
github.com/Lance-Mao/flash-sale-system/app/order/cmd/rpc/pb/order.pb.go:628.14,630.3 1 0
github.com/Lance-Mao/flash-sale-system/app/order/cmd/rpc/pb/order.pb.go:631.2,631.11 1 0
github.com/Lance-Mao/flash-sale-system/app/order/cmd/rpc/pb/order.pb.go:634.67,635.14 1 0
github.com/Lance-Mao/flash-sale-system/app/order/cmd/rpc/pb/order.pb.go:635.14,637.3 1 0
github.com/Lance-Mao/flash-sale-system/app/order/cmd/rpc/pb/order.pb.go:638.2,638.11 1 0
github.com/Lance-Mao/flash-sale-system/app/order/cmd/rpc/pb/order.pb.go:641.70,642.14 1 0
github.com/Lance-Mao/flash-sale-system/app/order/cmd/rpc/pb/order.pb.go:642.14,644.3 1 0
github.com/Lance-Mao/flash-sale-system/app/order/cmd/rpc/pb/order.pb.go:645.2,645.10 1 0
github.com/Lance-Mao/flash-sale-system/app/order/cmd/rpc/pb/order.pb.go:648.68,649.14 1 0
github.com/Lance-Mao/flash-sale-system/app/order/cmd/rpc/pb/order.pb.go:649.14,651.3 1 0
github.com/Lance-Mao/flash-sale-system/app/order/cmd/rpc/pb/order.pb.go:652.2,652.10 1 0
github.com/Lance-Mao/flash-sale-system/app/order/cmd/rpc/pb/order.pb.go:655.72,656.14 1 0
github.com/Lance-Mao/flash-sale-system/app/order/cmd/rpc/pb/order.pb.go:656.14,658.3 1 0
github.com/Lance-Mao/flash-sale-system/app/order/cmd/rpc/pb/order.pb.go:659.2,659.10 1 0
github.com/Lance-Mao/flash-sale-system/app/order/cmd/rpc/pb/order.pb.go:662.63,663.14 1 0
github.com/Lance-Mao/flash-sale-system/app/order/cmd/rpc/pb/order.pb.go:663.14,665.3 1 0
github.com/Lance-Mao/flash-sale-system/app/order/cmd/rpc/pb/order.pb.go:666.2,666.11 1 0
github.com/Lance-Mao/flash-sale-system/app/order/cmd/rpc/pb/order.pb.go:680.44,682.29 2 0
github.com/Lance-Mao/flash-sale-system/app/order/cmd/rpc/pb/order.pb.go:682.29,686.3 3 0
github.com/Lance-Mao/flash-sale-system/app/order/cmd/rpc/pb/order.pb.go:689.52,691.2 1 0
github.com/Lance-Mao/flash-sale-system/app/order/cmd/rpc/pb/order.pb.go:693.50,693.51 0 0
github.com/Lance-Mao/flash-sale-system/app/order/cmd/rpc/pb/order.pb.go:695.72,697.41 2 0
github.com/Lance-Mao/flash-sale-system/app/order/cmd/rpc/pb/order.pb.go:697.41,699.34 2 0
github.com/Lance-Mao/flash-sale-system/app/order/cmd/rpc/pb/order.pb.go:699.34,701.4 1 0
github.com/Lance-Mao/flash-sale-system/app/order/cmd/rpc/pb/order.pb.go:702.3,702.12 1 0
github.com/Lance-Mao/flash-sale-system/app/order/cmd/rpc/pb/order.pb.go:704.2,704.24 1 0
github.com/Lance-Mao/flash-sale-system/app/order/cmd/rpc/pb/order.pb.go:708.63,710.2 1 0
github.com/Lance-Mao/flash-sale-system/app/order/cmd/rpc/pb/order.pb.go:712.54,713.14 1 0
github.com/Lance-Mao/flash-sale-system/app/order/cmd/rpc/pb/order.pb.go:713.14,715.3 1 0
github.com/Lance-Mao/flash-sale-system/app/order/cmd/rpc/pb/order.pb.go:716.2,716.10 1 0
github.com/Lance-Mao/flash-sale-system/app/order/cmd/rpc/pb/order.pb.go:719.56,720.14 1 0
github.com/Lance-Mao/flash-sale-system/app/order/cmd/rpc/pb/order.pb.go:720.14,722.3 1 0
github.com/Lance-Mao/flash-sale-system/app/order/cmd/rpc/pb/order.pb.go:723.2,723.10 1 0
github.com/Lance-Mao/flash-sale-system/app/order/cmd/rpc/pb/order.pb.go:726.54,727.14 1 0
github.com/Lance-Mao/flash-sale-system/app/order/cmd/rpc/pb/order.pb.go:727.14,729.3 1 0
github.com/Lance-Mao/flash-sale-system/app/order/cmd/rpc/pb/order.pb.go:730.2,730.10 1 0
github.com/Lance-Mao/flash-sale-system/app/order/cmd/rpc/pb/order.pb.go:733.59,734.14 1 0
github.com/Lance-Mao/flash-sale-system/app/order/cmd/rpc/pb/order.pb.go:734.14,736.3 1 0
github.com/Lance-Mao/flash-sale-system/app/order/cmd/rpc/pb/order.pb.go:737.2,737.10 1 0
github.com/Lance-Mao/flash-sale-system/app/order/cmd/rpc/pb/order.pb.go:748.45,750.29 2 0
github.com/Lance-Mao/flash-sale-system/app/order/cmd/rpc/pb/order.pb.go:750.29,754.3 3 0
github.com/Lance-Mao/flash-sale-system/app/order/cmd/rpc/pb/order.pb.go:757.53,759.2 1 0
github.com/Lance-Mao/flash-sale-system/app/order/cmd/rpc/pb/order.pb.go:761.51,761.52 0 0
github.com/Lance-Mao/flash-sale-system/app/order/cmd/rpc/pb/order.pb.go:763.73,765.41 2 0
github.com/Lance-Mao/flash-sale-system/app/order/cmd/rpc/pb/order.pb.go:765.41,767.34 2 0
github.com/Lance-Mao/flash-sale-system/app/order/cmd/rpc/pb/order.pb.go:767.34,769.4 1 0
github.com/Lance-Mao/flash-sale-system/app/order/cmd/rpc/pb/order.pb.go:770.3,770.12 1 0
github.com/Lance-Mao/flash-sale-system/app/order/cmd/rpc/pb/order.pb.go:772.2,772.24 1 0
github.com/Lance-Mao/flash-sale-system/app/order/cmd/rpc/pb/order.pb.go:776.64,778.2 1 0
github.com/Lance-Mao/flash-sale-system/app/order/cmd/rpc/pb/order.pb.go:780.64,781.14 1 0
github.com/Lance-Mao/flash-sale-system/app/order/cmd/rpc/pb/order.pb.go:781.14,783.3 1 0
github.com/Lance-Mao/flash-sale-system/app/order/cmd/rpc/pb/order.pb.go:784.2,784.12 1 0
github.com/Lance-Mao/flash-sale-system/app/order/cmd/rpc/pb/order.pb.go:935.44,936.41 1 0
github.com/Lance-Mao/flash-sale-system/app/order/cmd/rpc/pb/order.pb.go:936.41,938.3 1 0
github.com/Lance-Mao/flash-sale-system/app/order/cmd/rpc/pb/order.pb.go:939.2,939.37 1 0
github.com/Lance-Mao/flash-sale-system/app/order/cmd/rpc/pb/order.pb.go:972.13,972.40 1 0
github.com/Lance-Mao/flash-sale-system/app/order/cmd/rpc/pb/order.pb.go:973.30,974.29 1 0
github.com/Lance-Mao/flash-sale-system/app/order/cmd/rpc/pb/order.pb.go:974.29,976.3 1 0
github.com/Lance-Mao/flash-sale-system/app/order/cmd/rpc/pb/order.pb.go:977.2,977.30 1 0
github.com/Lance-Mao/flash-sale-system/app/order/cmd/rpc/pb/order.pb.go:977.30,978.82 1 0
github.com/Lance-Mao/flash-sale-system/app/order/cmd/rpc/pb/order.pb.go:978.82,979.38 1 0
github.com/Lance-Mao/flash-sale-system/app/order/cmd/rpc/pb/order.pb.go:980.11,981.20 1 0
github.com/Lance-Mao/flash-sale-system/app/order/cmd/rpc/pb/order.pb.go:982.11,983.24 1 0
github.com/Lance-Mao/flash-sale-system/app/order/cmd/rpc/pb/order.pb.go:984.11,985.28 1 0
github.com/Lance-Mao/flash-sale-system/app/order/cmd/rpc/pb/order.pb.go:986.12,987.15 1 0
github.com/Lance-Mao/flash-sale-system/app/order/cmd/rpc/pb/order.pb.go:990.3,990.82 1 0
github.com/Lance-Mao/flash-sale-system/app/order/cmd/rpc/pb/order.pb.go:990.82,991.47 1 0
github.com/Lance-Mao/flash-sale-system/app/order/cmd/rpc/pb/order.pb.go:992.11,993.20 1 0
github.com/Lance-Mao/flash-sale-system/app/order/cmd/rpc/pb/order.pb.go:994.11,995.24 1 0
github.com/Lance-Mao/flash-sale-system/app/order/cmd/rpc/pb/order.pb.go:996.11,997.28 1 0
github.com/Lance-Mao/flash-sale-system/app/order/cmd/rpc/pb/order.pb.go:998.12,999.15 1 0
github.com/Lance-Mao/flash-sale-system/app/order/cmd/rpc/pb/order.pb.go:1002.3,1002.82 1 0
github.com/Lance-Mao/flash-sale-system/app/order/cmd/rpc/pb/order.pb.go:1002.82,1003.48 1 0
github.com/Lance-Mao/flash-sale-system/app/order/cmd/rpc/pb/order.pb.go:1004.11,1005.20 1 0
github.com/Lance-Mao/flash-sale-system/app/order/cmd/rpc/pb/order.pb.go:1006.11,1007.24 1 0
github.com/Lance-Mao/flash-sale-system/app/order/cmd/rpc/pb/order.pb.go:1008.11,1009.28 1 0
github.com/Lance-Mao/flash-sale-system/app/order/cmd/rpc/pb/order.pb.go:1010.12,1011.15 1 0
github.com/Lance-Mao/flash-sale-system/app/order/cmd/rpc/pb/order.pb.go:1014.3,1014.82 1 0
github.com/Lance-Mao/flash-sale-system/app/order/cmd/rpc/pb/order.pb.go:1014.82,1015.47 1 0
github.com/Lance-Mao/flash-sale-system/app/order/cmd/rpc/pb/order.pb.go:1016.11,1017.20 1 0
github.com/Lance-Mao/flash-sale-system/app/order/cmd/rpc/pb/order.pb.go:1018.11,1019.24 1 0
github.com/Lance-Mao/flash-sale-system/app/order/cmd/rpc/pb/order.pb.go:1020.11,1021.28 1 0
github.com/Lance-Mao/flash-sale-system/app/order/cmd/rpc/pb/order.pb.go:1022.12,1023.15 1 0
github.com/Lance-Mao/flash-sale-system/app/order/cmd/rpc/pb/order.pb.go:1026.3,1026.82 1 0
github.com/Lance-Mao/flash-sale-system/app/order/cmd/rpc/pb/order.pb.go:1026.82,1027.48 1 0
github.com/Lance-Mao/flash-sale-system/app/order/cmd/rpc/pb/order.pb.go:1028.11,1029.20 1 0
github.com/Lance-Mao/flash-sale-system/app/order/cmd/rpc/pb/order.pb.go:1030.11,1031.24 1 0
github.com/Lance-Mao/flash-sale-system/app/order/cmd/rpc/pb/order.pb.go:1032.11,1033.28 1 0
github.com/Lance-Mao/flash-sale-system/app/order/cmd/rpc/pb/order.pb.go:1034.12,1035.15 1 0
github.com/Lance-Mao/flash-sale-system/app/order/cmd/rpc/pb/order.pb.go:1038.3,1038.82 1 0
github.com/Lance-Mao/flash-sale-system/app/order/cmd/rpc/pb/order.pb.go:1038.82,1039.57 1 0
github.com/Lance-Mao/flash-sale-system/app/order/cmd/rpc/pb/order.pb.go:1040.11,1041.20 1 0
github.com/Lance-Mao/flash-sale-system/app/order/cmd/rpc/pb/order.pb.go:1042.11,1043.24 1 0
github.com/Lance-Mao/flash-sale-system/app/order/cmd/rpc/pb/order.pb.go:1044.11,1045.28 1 0
github.com/Lance-Mao/flash-sale-system/app/order/cmd/rpc/pb/order.pb.go:1046.12,1047.15 1 0
github.com/Lance-Mao/flash-sale-system/app/order/cmd/rpc/pb/order.pb.go:1050.3,1050.82 1 0
github.com/Lance-Mao/flash-sale-system/app/order/cmd/rpc/pb/order.pb.go:1050.82,1051.58 1 0
github.com/Lance-Mao/flash-sale-system/app/order/cmd/rpc/pb/order.pb.go:1052.11,1053.20 1 0
github.com/Lance-Mao/flash-sale-system/app/order/cmd/rpc/pb/order.pb.go:1054.11,1055.24 1 0
github.com/Lance-Mao/flash-sale-system/app/order/cmd/rpc/pb/order.pb.go:1056.11,1057.28 1 0
github.com/Lance-Mao/flash-sale-system/app/order/cmd/rpc/pb/order.pb.go:1058.12,1059.15 1 0
github.com/Lance-Mao/flash-sale-system/app/order/cmd/rpc/pb/order.pb.go:1062.3,1062.82 1 0
github.com/Lance-Mao/flash-sale-system/app/order/cmd/rpc/pb/order.pb.go:1062.82,1063.49 1 0
github.com/Lance-Mao/flash-sale-system/app/order/cmd/rpc/pb/order.pb.go:1064.11,1065.20 1 0
github.com/Lance-Mao/flash-sale-system/app/order/cmd/rpc/pb/order.pb.go:1066.11,1067.24 1 0
github.com/Lance-Mao/flash-sale-system/app/order/cmd/rpc/pb/order.pb.go:1068.11,1069.28 1 0
github.com/Lance-Mao/flash-sale-system/app/order/cmd/rpc/pb/order.pb.go:1070.12,1071.15 1 0
github.com/Lance-Mao/flash-sale-system/app/order/cmd/rpc/pb/order.pb.go:1074.3,1074.82 1 0
github.com/Lance-Mao/flash-sale-system/app/order/cmd/rpc/pb/order.pb.go:1074.82,1075.50 1 0
github.com/Lance-Mao/flash-sale-system/app/order/cmd/rpc/pb/order.pb.go:1076.11,1077.20 1 0
github.com/Lance-Mao/flash-sale-system/app/order/cmd/rpc/pb/order.pb.go:1078.11,1079.24 1 0
github.com/Lance-Mao/flash-sale-system/app/order/cmd/rpc/pb/order.pb.go:1080.11,1081.28 1 0
github.com/Lance-Mao/flash-sale-system/app/order/cmd/rpc/pb/order.pb.go:1082.12,1083.15 1 0
github.com/Lance-Mao/flash-sale-system/app/order/cmd/rpc/pb/order.pb.go:1087.2,1104.32 6 0
github.com/Lance-Mao/flash-sale-system/app/order/cmd/rpc/pb/order.pb.go:1133.62,1135.2 1 0
github.com/Lance-Mao/flash-sale-system/app/order/cmd/rpc/pb/order.pb.go:1137.151,1140.16 3 0
github.com/Lance-Mao/flash-sale-system/app/order/cmd/rpc/pb/order.pb.go:1140.16,1142.3 1 0
github.com/Lance-Mao/flash-sale-system/app/order/cmd/rpc/pb/order.pb.go:1143.2,1143.17 1 0
github.com/Lance-Mao/flash-sale-system/app/order/cmd/rpc/pb/order.pb.go:1146.151,1149.16 3 0
github.com/Lance-Mao/flash-sale-system/app/order/cmd/rpc/pb/order.pb.go:1149.16,1151.3 1 0
github.com/Lance-Mao/flash-sale-system/app/order/cmd/rpc/pb/order.pb.go:1152.2,1152.17 1 0
github.com/Lance-Mao/flash-sale-system/app/order/cmd/rpc/pb/order.pb.go:1155.181,1158.16 3 0
github.com/Lance-Mao/flash-sale-system/app/order/cmd/rpc/pb/order.pb.go:1158.16,1160.3 1 0
github.com/Lance-Mao/flash-sale-system/app/order/cmd/rpc/pb/order.pb.go:1161.2,1161.17 1 0
github.com/Lance-Mao/flash-sale-system/app/order/cmd/rpc/pb/order.pb.go:1164.157,1167.16 3 0
github.com/Lance-Mao/flash-sale-system/app/order/cmd/rpc/pb/order.pb.go:1167.16,1169.3 1 0
github.com/Lance-Mao/flash-sale-system/app/order/cmd/rpc/pb/order.pb.go:1170.2,1170.17 1 0
github.com/Lance-Mao/flash-sale-system/app/order/cmd/rpc/pb/order.pb.go:1189.130,1191.2 1 0
github.com/Lance-Mao/flash-sale-system/app/order/cmd/rpc/pb/order.pb.go:1192.130,1194.2 1 0
github.com/Lance-Mao/flash-sale-system/app/order/cmd/rpc/pb/order.pb.go:1195.160,1197.2 1 0
github.com/Lance-Mao/flash-sale-system/app/order/cmd/rpc/pb/order.pb.go:1198.136,1200.2 1 0
github.com/Lance-Mao/flash-sale-system/app/order/cmd/rpc/pb/order.pb.go:1202.59,1204.2 1 0
github.com/Lance-Mao/flash-sale-system/app/order/cmd/rpc/pb/order.pb.go:1206.170,1208.32 2 0
github.com/Lance-Mao/flash-sale-system/app/order/cmd/rpc/pb/order.pb.go:1208.32,1210.3 1 0
github.com/Lance-Mao/flash-sale-system/app/order/cmd/rpc/pb/order.pb.go:1211.2,1211.24 1 0
github.com/Lance-Mao/flash-sale-system/app/order/cmd/rpc/pb/order.pb.go:1211.24,1213.3 1 0
github.com/Lance-Mao/flash-sale-system/app/order/cmd/rpc/pb/order.pb.go:1214.2,1218.77 2 0
github.com/Lance-Mao/flash-sale-system/app/order/cmd/rpc/pb/order.pb.go:1218.77,1220.3 1 0
github.com/Lance-Mao/flash-sale-system/app/order/cmd/rpc/pb/order.pb.go:1221.2,1221.44 1 0
github.com/Lance-Mao/flash-sale-system/app/order/cmd/rpc/pb/order.pb.go:1224.170,1226.32 2 0
github.com/Lance-Mao/flash-sale-system/app/order/cmd/rpc/pb/order.pb.go:1226.32,1228.3 1 0
github.com/Lance-Mao/flash-sale-system/app/order/cmd/rpc/pb/order.pb.go:1229.2,1229.24 1 0
github.com/Lance-Mao/flash-sale-system/app/order/cmd/rpc/pb/order.pb.go:1229.24,1231.3 1 0
github.com/Lance-Mao/flash-sale-system/app/order/cmd/rpc/pb/order.pb.go:1232.2,1236.77 2 0
github.com/Lance-Mao/flash-sale-system/app/order/cmd/rpc/pb/order.pb.go:1236.77,1238.3 1 0
github.com/Lance-Mao/flash-sale-system/app/order/cmd/rpc/pb/order.pb.go:1239.2,1239.44 1 0
github.com/Lance-Mao/flash-sale-system/app/order/cmd/rpc/pb/order.pb.go:1242.180,1244.32 2 0
github.com/Lance-Mao/flash-sale-system/app/order/cmd/rpc/pb/order.pb.go:1244.32,1246.3 1 0
github.com/Lance-Mao/flash-sale-system/app/order/cmd/rpc/pb/order.pb.go:1247.2,1247.24 1 0
github.com/Lance-Mao/flash-sale-system/app/order/cmd/rpc/pb/order.pb.go:1247.24,1249.3 1 0
github.com/Lance-Mao/flash-sale-system/app/order/cmd/rpc/pb/order.pb.go:1250.2,1254.77 2 0
github.com/Lance-Mao/flash-sale-system/app/order/cmd/rpc/pb/order.pb.go:1254.77,1256.3 1 0
github.com/Lance-Mao/flash-sale-system/app/order/cmd/rpc/pb/order.pb.go:1257.2,1257.44 1 0
github.com/Lance-Mao/flash-sale-system/app/order/cmd/rpc/pb/order.pb.go:1260.172,1262.32 2 0
github.com/Lance-Mao/flash-sale-system/app/order/cmd/rpc/pb/order.pb.go:1262.32,1264.3 1 0
github.com/Lance-Mao/flash-sale-system/app/order/cmd/rpc/pb/order.pb.go:1265.2,1265.24 1 0
github.com/Lance-Mao/flash-sale-system/app/order/cmd/rpc/pb/order.pb.go:1265.24,1267.3 1 0
github.com/Lance-Mao/flash-sale-system/app/order/cmd/rpc/pb/order.pb.go:1268.2,1272.77 2 0
github.com/Lance-Mao/flash-sale-system/app/order/cmd/rpc/pb/order.pb.go:1272.77,1274.3 1 0
github.com/Lance-Mao/flash-sale-system/app/order/cmd/rpc/pb/order.pb.go:1275.2,1275.44 1 0
github.com/Lance-Mao/flash-sale-system/app/payment/cmd/api/internal/handler/routes.go:13.75,36.2 2 0
github.com/Lance-Mao/flash-sale-system/app/payment/cmd/api/internal/svc/serviceContext.go:23.57,32.2 1 0
github.com/Lance-Mao/flash-sale-system/app/payment/cmd/api/internal/svc/wxPayClient.go:15.62,18.16 2 0
github.com/Lance-Mao/flash-sale-system/app/payment/cmd/api/internal/svc/wxPayClient.go:18.16,20.3 1 0
github.com/Lance-Mao/flash-sale-system/app/payment/cmd/api/internal/svc/wxPayClient.go:22.2,28.16 4 0
github.com/Lance-Mao/flash-sale-system/app/payment/cmd/api/internal/svc/wxPayClient.go:28.16,30.3 1 0
github.com/Lance-Mao/flash-sale-system/app/payment/cmd/api/internal/svc/wxPayClient.go:32.2,32.20 1 0
github.com/Lance-Mao/flash-sale-system/app/payment/cmd/api/internal/handler/thirdPayment/thirdPaymentWxPayCallbackHandler.go:13.81,14.54 1 0
github.com/Lance-Mao/flash-sale-system/app/payment/cmd/api/internal/handler/thirdPayment/thirdPaymentWxPayCallbackHandler.go:14.54,19.17 3 0
github.com/Lance-Mao/flash-sale-system/app/payment/cmd/api/internal/handler/thirdPayment/thirdPaymentWxPayCallbackHandler.go:19.17,22.4 2 0
github.com/Lance-Mao/flash-sale-system/app/payment/cmd/api/internal/handler/thirdPayment/thirdPaymentWxPayCallbackHandler.go:22.9,24.4 1 0
github.com/Lance-Mao/flash-sale-system/app/payment/cmd/api/internal/handler/thirdPayment/thirdPaymentWxPayCallbackHandler.go:26.3,27.55 2 0
github.com/Lance-Mao/flash-sale-system/app/payment/cmd/api/internal/handler/thirdPayment/thirdPaymentwxPayHandler.go:14.73,15.54 1 0
github.com/Lance-Mao/flash-sale-system/app/payment/cmd/api/internal/handler/thirdPayment/thirdPaymentwxPayHandler.go:15.54,17.46 2 0
github.com/Lance-Mao/flash-sale-system/app/payment/cmd/api/internal/handler/thirdPayment/thirdPaymentwxPayHandler.go:17.46,20.4 2 0
github.com/Lance-Mao/flash-sale-system/app/payment/cmd/api/internal/handler/thirdPayment/thirdPaymentwxPayHandler.go:22.3,24.37 3 0
github.com/Lance-Mao/flash-sale-system/app/payment/cmd/api/internal/logic/thirdPayment/thirdPaymentWxPayCallbackLogic.go:35.120,41.2 1 0
github.com/Lance-Mao/flash-sale-system/app/payment/cmd/api/internal/logic/thirdPayment/thirdPaymentWxPayCallbackLogic.go:43.157,47.16 2 0
github.com/Lance-Mao/flash-sale-system/app/payment/cmd/api/internal/logic/thirdPayment/thirdPaymentWxPayCallbackLogic.go:47.16,49.3 1 0
github.com/Lance-Mao/flash-sale-system/app/payment/cmd/api/internal/logic/thirdPayment/thirdPaymentWxPayCallbackLogic.go:52.2,57.16 5 0
github.com/Lance-Mao/flash-sale-system/app/payment/cmd/api/internal/logic/thirdPayment/thirdPaymentWxPayCallbackLogic.go:57.16,59.3 1 0
github.com/Lance-Mao/flash-sale-system/app/payment/cmd/api/internal/logic/thirdPayment/thirdPaymentWxPayCallbackLogic.go:61.2,63.16 3 0
github.com/Lance-Mao/flash-sale-system/app/payment/cmd/api/internal/logic/thirdPayment/thirdPaymentWxPayCallbackLogic.go:63.16,65.3 1 0
github.com/Lance-Mao/flash-sale-system/app/payment/cmd/api/internal/logic/thirdPayment/thirdPaymentWxPayCallbackLogic.go:67.2,69.8 1 0
github.com/Lance-Mao/flash-sale-system/app/payment/cmd/api/internal/logic/thirdPayment/thirdPaymentWxPayCallbackLogic.go:74.109,79.53 2 0
github.com/Lance-Mao/flash-sale-system/app/payment/cmd/api/internal/logic/thirdPayment/thirdPaymentWxPayCallbackLogic.go:79.53,81.3 1 0
github.com/Lance-Mao/flash-sale-system/app/payment/cmd/api/internal/logic/thirdPayment/thirdPaymentWxPayCallbackLogic.go:84.2,85.58 2 0
github.com/Lance-Mao/flash-sale-system/app/payment/cmd/api/internal/logic/thirdPayment/thirdPaymentWxPayCallbackLogic.go:85.58,87.3 1 0
github.com/Lance-Mao/flash-sale-system/app/payment/cmd/api/internal/logic/thirdPayment/thirdPaymentWxPayCallbackLogic.go:90.2,91.57 2 0
github.com/Lance-Mao/flash-sale-system/app/payment/cmd/api/internal/logic/thirdPayment/thirdPaymentWxPayCallbackLogic.go:91.57,94.81 1 0
github.com/Lance-Mao/flash-sale-system/app/payment/cmd/api/internal/logic/thirdPayment/thirdPaymentWxPayCallbackLogic.go:94.81,96.4 1 0
github.com/Lance-Mao/flash-sale-system/app/payment/cmd/api/internal/logic/thirdPayment/thirdPaymentWxPayCallbackLogic.go:99.3,106.18 1 0
github.com/Lance-Mao/flash-sale-system/app/payment/cmd/api/internal/logic/thirdPayment/thirdPaymentWxPayCallbackLogic.go:106.18,108.4 1 0
github.com/Lance-Mao/flash-sale-system/app/payment/cmd/api/internal/logic/thirdPayment/thirdPaymentWxPayCallbackLogic.go:110.8,110.61 1 0
github.com/Lance-Mao/flash-sale-system/app/payment/cmd/api/internal/logic/thirdPayment/thirdPaymentWxPayCallbackLogic.go:110.62,112.3 0 0
github.com/Lance-Mao/flash-sale-system/app/payment/cmd/api/internal/logic/thirdPayment/thirdPaymentWxPayCallbackLogic.go:114.2,114.12 1 0
github.com/Lance-Mao/flash-sale-system/app/payment/cmd/api/internal/logic/thirdPayment/thirdPaymentWxPayCallbackLogic.go:128.102,130.25 1 0
github.com/Lance-Mao/flash-sale-system/app/payment/cmd/api/internal/logic/thirdPayment/thirdPaymentWxPayCallbackLogic.go:131.15,132.48 1 0
github.com/Lance-Mao/flash-sale-system/app/payment/cmd/api/internal/logic/thirdPayment/thirdPaymentWxPayCallbackLogic.go:133.18,134.45 1 0
github.com/Lance-Mao/flash-sale-system/app/payment/cmd/api/internal/logic/thirdPayment/thirdPaymentWxPayCallbackLogic.go:135.14,136.45 1 0
github.com/Lance-Mao/flash-sale-system/app/payment/cmd/api/internal/logic/thirdPayment/thirdPaymentWxPayCallbackLogic.go:137.10,138.45 1 0
github.com/Lance-Mao/flash-sale-system/app/payment/cmd/api/internal/logic/thirdPayment/thirdPaymentwxPayLogic.go:30.104,36.2 1 0
github.com/Lance-Mao/flash-sale-system/app/payment/cmd/api/internal/logic/thirdPayment/thirdPaymentwxPayLogic.go:38.122,43.25 3 0
github.com/Lance-Mao/flash-sale-system/app/payment/cmd/api/internal/logic/thirdPayment/thirdPaymentwxPayLogic.go:44.50,47.17 2 0
github.com/Lance-Mao/flash-sale-system/app/payment/cmd/api/internal/logic/thirdPayment/thirdPaymentwxPayLogic.go:47.17,49.4 1 0
github.com/Lance-Mao/flash-sale-system/app/payment/cmd/api/internal/logic/thirdPayment/thirdPaymentwxPayLogic.go:50.3,51.36 2 0
github.com/Lance-Mao/flash-sale-system/app/payment/cmd/api/internal/logic/thirdPayment/thirdPaymentwxPayLogic.go:53.10,54.159 1 0
github.com/Lance-Mao/flash-sale-system/app/payment/cmd/api/internal/logic/thirdPayment/thirdPaymentwxPayLogic.go:58.2,59.16 2 0
github.com/Lance-Mao/flash-sale-system/app/payment/cmd/api/internal/logic/thirdPayment/thirdPaymentwxPayLogic.go:59.16,61.3 1 0
github.com/Lance-Mao/flash-sale-system/app/payment/cmd/api/internal/logic/thirdPayment/thirdPaymentwxPayLogic.go:63.2,70.8 1 0
github.com/Lance-Mao/flash-sale-system/app/payment/cmd/api/internal/logic/thirdPayment/thirdPaymentwxPayLogic.go:74.170,82.16 3 0
github.com/Lance-Mao/flash-sale-system/app/payment/cmd/api/internal/logic/thirdPayment/thirdPaymentwxPayLogic.go:82.16,84.3 1 0
github.com/Lance-Mao/flash-sale-system/app/payment/cmd/api/internal/logic/thirdPayment/thirdPaymentwxPayLogic.go:85.2,85.59 1 0
github.com/Lance-Mao/flash-sale-system/app/payment/cmd/api/internal/logic/thirdPayment/thirdPaymentwxPayLogic.go:85.59,87.3 1 0
github.com/Lance-Mao/flash-sale-system/app/payment/cmd/api/internal/logic/thirdPayment/thirdPaymentwxPayLogic.go:88.2,98.46 3 0
github.com/Lance-Mao/flash-sale-system/app/payment/cmd/api/internal/logic/thirdPayment/thirdPaymentwxPayLogic.go:98.46,102.3 1 0
github.com/Lance-Mao/flash-sale-system/app/payment/cmd/api/internal/logic/thirdPayment/thirdPaymentwxPayLogic.go:106.2,107.16 2 0
github.com/Lance-Mao/flash-sale-system/app/payment/cmd/api/internal/logic/thirdPayment/thirdPaymentwxPayLogic.go:107.16,109.3 1 0
github.com/Lance-Mao/flash-sale-system/app/payment/cmd/api/internal/logic/thirdPayment/thirdPaymentwxPayLogic.go:110.2,129.16 3 0
github.com/Lance-Mao/flash-sale-system/app/payment/cmd/api/internal/logic/thirdPayment/thirdPaymentwxPayLogic.go:129.16,131.3 1 0
github.com/Lance-Mao/flash-sale-system/app/payment/cmd/api/internal/logic/thirdPayment/thirdPaymentwxPayLogic.go:133.2,133.18 1 0
github.com/Lance-Mao/flash-sale-system/app/payment/cmd/api/internal/logic/thirdPayment/thirdPaymentwxPayLogic.go:138.104,146.16 3 0
github.com/Lance-Mao/flash-sale-system/app/payment/cmd/api/internal/logic/thirdPayment/thirdPaymentwxPayLogic.go:146.16,149.3 1 0
github.com/Lance-Mao/flash-sale-system/app/payment/cmd/api/internal/logic/thirdPayment/thirdPaymentwxPayLogic.go:150.2,150.61 1 0
github.com/Lance-Mao/flash-sale-system/app/payment/cmd/api/internal/logic/thirdPayment/thirdPaymentwxPayLogic.go:150.61,152.3 1 0
github.com/Lance-Mao/flash-sale-system/app/payment/cmd/api/internal/logic/thirdPayment/thirdPaymentwxPayLogic.go:154.2,154.61 1 0
github.com/Lance-Mao/flash-sale-system/app/payment/cmd/api/payment.go:16.13,30.2 9 0
github.com/Lance-Mao/flash-sale-system/app/payment/cmd/rpc/internal/logic/createPaymentLogic.go:22.97,28.2 1 0
github.com/Lance-Mao/flash-sale-system/app/payment/cmd/rpc/internal/logic/createPaymentLogic.go:31.100,42.16 9 0
github.com/Lance-Mao/flash-sale-system/app/payment/cmd/rpc/internal/logic/createPaymentLogic.go:42.16,44.3 1 0
github.com/Lance-Mao/flash-sale-system/app/payment/cmd/rpc/internal/logic/createPaymentLogic.go:46.2,48.8 1 0
github.com/Lance-Mao/flash-sale-system/app/payment/cmd/rpc/internal/logic/getPaymentBySnLogic.go:22.99,28.2 1 0
github.com/Lance-Mao/flash-sale-system/app/payment/cmd/rpc/internal/logic/getPaymentBySnLogic.go:30.104,33.44 2 0
github.com/Lance-Mao/flash-sale-system/app/payment/cmd/rpc/internal/logic/getPaymentBySnLogic.go:33.44,35.3 1 0
github.com/Lance-Mao/flash-sale-system/app/payment/cmd/rpc/internal/logic/getPaymentBySnLogic.go:37.2,38.25 2 0
github.com/Lance-Mao/flash-sale-system/app/payment/cmd/rpc/internal/logic/getPaymentBySnLogic.go:38.25,44.3 4 0
github.com/Lance-Mao/flash-sale-system/app/payment/cmd/rpc/internal/logic/getPaymentBySnLogic.go:46.2,48.8 1 0
github.com/Lance-Mao/flash-sale-system/app/payment/cmd/rpc/internal/logic/getPaymentSuccessRefundByOrderSnLogic.go:22.135,28.2 1 0
github.com/Lance-Mao/flash-sale-system/app/payment/cmd/rpc/internal/logic/getPaymentSuccessRefundByOrderSnLogic.go:30.176,37.44 3 0
github.com/Lance-Mao/flash-sale-system/app/payment/cmd/rpc/internal/logic/getPaymentSuccessRefundByOrderSnLogic.go:37.44,39.3 1 0
github.com/Lance-Mao/flash-sale-system/app/payment/cmd/rpc/internal/logic/getPaymentSuccessRefundByOrderSnLogic.go:41.2,42.28 2 0
github.com/Lance-Mao/flash-sale-system/app/payment/cmd/rpc/internal/logic/getPaymentSuccessRefundByOrderSnLogic.go:42.28,44.26 2 0
github.com/Lance-Mao/flash-sale-system/app/payment/cmd/rpc/internal/logic/getPaymentSuccessRefundByOrderSnLogic.go:44.26,49.4 4 0
github.com/Lance-Mao/flash-sale-system/app/payment/cmd/rpc/internal/logic/getPaymentSuccessRefundByOrderSnLogic.go:52.2,54.8 1 0
github.com/Lance-Mao/flash-sale-system/app/payment/cmd/rpc/internal/logic/updateTradeStateLogic.go:25.103,31.2 1 0
github.com/Lance-Mao/flash-sale-system/app/payment/cmd/rpc/internal/logic/updateTradeStateLogic.go:33.112,37.44 2 0
github.com/Lance-Mao/flash-sale-system/app/payment/cmd/rpc/internal/logic/updateTradeStateLogic.go:37.44,39.3 1 0
github.com/Lance-Mao/flash-sale-system/app/payment/cmd/rpc/internal/logic/updateTradeStateLogic.go:41.2,41.25 1 0
github.com/Lance-Mao/flash-sale-system/app/payment/cmd/rpc/internal/logic/updateTradeStateLogic.go:41.25,43.3 1 0
github.com/Lance-Mao/flash-sale-system/app/payment/cmd/rpc/internal/logic/updateTradeStateLogic.go:46.2,46.115 1 0
github.com/Lance-Mao/flash-sale-system/app/payment/cmd/rpc/internal/logic/updateTradeStateLogic.go:46.115,48.68 1 0
github.com/Lance-Mao/flash-sale-system/app/payment/cmd/rpc/internal/logic/updateTradeStateLogic.go:48.68,50.4 1 0
github.com/Lance-Mao/flash-sale-system/app/payment/cmd/rpc/internal/logic/updateTradeStateLogic.go:52.8,52.66 1 0
github.com/Lance-Mao/flash-sale-system/app/payment/cmd/rpc/internal/logic/updateTradeStateLogic.go:52.66,55.71 1 0
github.com/Lance-Mao/flash-sale-system/app/payment/cmd/rpc/internal/logic/updateTradeStateLogic.go:55.71,57.4 1 0
github.com/Lance-Mao/flash-sale-system/app/payment/cmd/rpc/internal/logic/updateTradeStateLogic.go:58.8,60.3 1 0
github.com/Lance-Mao/flash-sale-system/app/payment/cmd/rpc/internal/logic/updateTradeStateLogic.go:63.2,69.95 7 0
github.com/Lance-Mao/flash-sale-system/app/payment/cmd/rpc/internal/logic/updateTradeStateLogic.go:69.95,71.3 1 0
github.com/Lance-Mao/flash-sale-system/app/payment/cmd/rpc/internal/logic/updateTradeStateLogic.go:74.2,74.63 1 0
github.com/Lance-Mao/flash-sale-system/app/payment/cmd/rpc/internal/logic/updateTradeStateLogic.go:74.63,76.3 1 0
github.com/Lance-Mao/flash-sale-system/app/payment/cmd/rpc/internal/logic/updateTradeStateLogic.go:78.2,78.40 1 0
github.com/Lance-Mao/flash-sale-system/app/payment/cmd/rpc/internal/logic/updateTradeStateLogic.go:81.88,89.16 3 0
[...]
github.com/Lance-Mao/flash-sale-system/app/usercenter/cmd/rpc/pb/usercenter.pb.go:786.55,788.2 1 0
github.com/Lance-Mao/flash-sale-system/app/usercenter/cmd/rpc/pb/usercenter.pb.go:790.46,791.14 1 0
github.com/Lance-Mao/flash-sale-system/app/usercenter/cmd/rpc/pb/usercenter.pb.go:791.14,793.3 1 0
github.com/Lance-Mao/flash-sale-system/app/usercenter/cmd/rpc/pb/usercenter.pb.go:794.2,794.10 1 0
github.com/Lance-Mao/flash-sale-system/app/usercenter/cmd/rpc/pb/usercenter.pb.go:807.37,809.29 2 0
github.com/Lance-Mao/flash-sale-system/app/usercenter/cmd/rpc/pb/usercenter.pb.go:809.29,813.3 3 0
github.com/Lance-Mao/flash-sale-system/app/usercenter/cmd/rpc/pb/usercenter.pb.go:816.45,818.2 1 0
github.com/Lance-Mao/flash-sale-system/app/usercenter/cmd/rpc/pb/usercenter.pb.go:820.43,820.44 0 0
github.com/Lance-Mao/flash-sale-system/app/usercenter/cmd/rpc/pb/usercenter.pb.go:822.65,824.41 2 0
github.com/Lance-Mao/flash-sale-system/app/usercenter/cmd/rpc/pb/usercenter.pb.go:824.41,826.34 2 0
github.com/Lance-Mao/flash-sale-system/app/usercenter/cmd/rpc/pb/usercenter.pb.go:826.34,828.4 1 0
github.com/Lance-Mao/flash-sale-system/app/usercenter/cmd/rpc/pb/usercenter.pb.go:829.3,829.12 1 0
github.com/Lance-Mao/flash-sale-system/app/usercenter/cmd/rpc/pb/usercenter.pb.go:831.2,831.24 1 0
github.com/Lance-Mao/flash-sale-system/app/usercenter/cmd/rpc/pb/usercenter.pb.go:835.56,837.2 1 0
github.com/Lance-Mao/flash-sale-system/app/usercenter/cmd/rpc/pb/usercenter.pb.go:839.53,840.14 1 0
github.com/Lance-Mao/flash-sale-system/app/usercenter/cmd/rpc/pb/usercenter.pb.go:840.14,842.3 1 0
github.com/Lance-Mao/flash-sale-system/app/usercenter/cmd/rpc/pb/usercenter.pb.go:843.2,843.11 1 0
github.com/Lance-Mao/flash-sale-system/app/usercenter/cmd/rpc/pb/usercenter.pb.go:846.53,847.14 1 0
github.com/Lance-Mao/flash-sale-system/app/usercenter/cmd/rpc/pb/usercenter.pb.go:847.14,849.3 1 0
github.com/Lance-Mao/flash-sale-system/app/usercenter/cmd/rpc/pb/usercenter.pb.go:850.2,850.10 1 0
github.com/Lance-Mao/flash-sale-system/app/usercenter/cmd/rpc/pb/usercenter.pb.go:853.53,854.14 1 0
github.com/Lance-Mao/flash-sale-system/app/usercenter/cmd/rpc/pb/usercenter.pb.go:854.14,856.3 1 0
github.com/Lance-Mao/flash-sale-system/app/usercenter/cmd/rpc/pb/usercenter.pb.go:857.2,857.10 1 0
github.com/Lance-Mao/flash-sale-system/app/usercenter/cmd/rpc/pb/usercenter.pb.go:977.49,978.46 1 0
github.com/Lance-Mao/flash-sale-system/app/usercenter/cmd/rpc/pb/usercenter.pb.go:978.46,980.3 1 0
github.com/Lance-Mao/flash-sale-system/app/usercenter/cmd/rpc/pb/usercenter.pb.go:981.2,981.42 1 0
github.com/Lance-Mao/flash-sale-system/app/usercenter/cmd/rpc/pb/usercenter.pb.go:1024.13,1024.45 1 0
github.com/Lance-Mao/flash-sale-system/app/usercenter/cmd/rpc/pb/usercenter.pb.go:1025.35,1026.34 1 0
github.com/Lance-Mao/flash-sale-system/app/usercenter/cmd/rpc/pb/usercenter.pb.go:1026.34,1028.3 1 0
github.com/Lance-Mao/flash-sale-system/app/usercenter/cmd/rpc/pb/usercenter.pb.go:1029.2,1029.30 1 0
github.com/Lance-Mao/flash-sale-system/app/usercenter/cmd/rpc/pb/usercenter.pb.go:1029.30,1030.87 1 0
github.com/Lance-Mao/flash-sale-system/app/usercenter/cmd/rpc/pb/usercenter.pb.go:1030.87,1031.29 1 0
github.com/Lance-Mao/flash-sale-system/app/usercenter/cmd/rpc/pb/usercenter.pb.go:1032.11,1033.20 1 0
github.com/Lance-Mao/flash-sale-system/app/usercenter/cmd/rpc/pb/usercenter.pb.go:1034.11,1035.24 1 0
github.com/Lance-Mao/flash-sale-system/app/usercenter/cmd/rpc/pb/usercenter.pb.go:1036.11,1037.28 1 0
github.com/Lance-Mao/flash-sale-system/app/usercenter/cmd/rpc/pb/usercenter.pb.go:1038.12,1039.15 1 0
github.com/Lance-Mao/flash-sale-system/app/usercenter/cmd/rpc/pb/usercenter.pb.go:1042.3,1042.87 1 0
github.com/Lance-Mao/flash-sale-system/app/usercenter/cmd/rpc/pb/usercenter.pb.go:1042.87,1043.33 1 0
github.com/Lance-Mao/flash-sale-system/app/usercenter/cmd/rpc/pb/usercenter.pb.go:1044.11,1045.20 1 0
github.com/Lance-Mao/flash-sale-system/app/usercenter/cmd/rpc/pb/usercenter.pb.go:1046.11,1047.24 1 0
github.com/Lance-Mao/flash-sale-system/app/usercenter/cmd/rpc/pb/usercenter.pb.go:1048.11,1049.28 1 0
github.com/Lance-Mao/flash-sale-system/app/usercenter/cmd/rpc/pb/usercenter.pb.go:1050.12,1051.15 1 0
github.com/Lance-Mao/flash-sale-system/app/usercenter/cmd/rpc/pb/usercenter.pb.go:1054.3,1054.87 1 0
github.com/Lance-Mao/flash-sale-system/app/usercenter/cmd/rpc/pb/usercenter.pb.go:1054.87,1055.36 1 0
github.com/Lance-Mao/flash-sale-system/app/usercenter/cmd/rpc/pb/usercenter.pb.go:1056.11,1057.20 1 0
github.com/Lance-Mao/flash-sale-system/app/usercenter/cmd/rpc/pb/usercenter.pb.go:1058.11,1059.24 1 0
github.com/Lance-Mao/flash-sale-system/app/usercenter/cmd/rpc/pb/usercenter.pb.go:1060.11,1061.28 1 0
github.com/Lance-Mao/flash-sale-system/app/usercenter/cmd/rpc/pb/usercenter.pb.go:1062.12,1063.15 1 0
github.com/Lance-Mao/flash-sale-system/app/usercenter/cmd/rpc/pb/usercenter.pb.go:1066.3,1066.87 1 0
github.com/Lance-Mao/flash-sale-system/app/usercenter/cmd/rpc/pb/usercenter.pb.go:1066.87,1067.37 1 0
github.com/Lance-Mao/flash-sale-system/app/usercenter/cmd/rpc/pb/usercenter.pb.go:1068.11,1069.20 1 0
github.com/Lance-Mao/flash-sale-system/app/usercenter/cmd/rpc/pb/usercenter.pb.go:1070.11,1071.24 1 0
github.com/Lance-Mao/flash-sale-system/app/usercenter/cmd/rpc/pb/usercenter.pb.go:1072.11,1073.28 1 0
github.com/Lance-Mao/flash-sale-system/app/usercenter/cmd/rpc/pb/usercenter.pb.go:1074.12,1075.15 1 0
github.com/Lance-Mao/flash-sale-system/app/usercenter/cmd/rpc/pb/usercenter.pb.go:1078.3,1078.87 1 0
github.com/Lance-Mao/flash-sale-system/app/usercenter/cmd/rpc/pb/usercenter.pb.go:1078.87,1079.33 1 0
github.com/Lance-Mao/flash-sale-system/app/usercenter/cmd/rpc/pb/usercenter.pb.go:1080.11,1081.20 1 0
github.com/Lance-Mao/flash-sale-system/app/usercenter/cmd/rpc/pb/usercenter.pb.go:1082.11,1083.24 1 0
github.com/Lance-Mao/flash-sale-system/app/usercenter/cmd/rpc/pb/usercenter.pb.go:1084.11,1085.28 1 0
github.com/Lance-Mao/flash-sale-system/app/usercenter/cmd/rpc/pb/usercenter.pb.go:1086.12,1087.15 1 0
github.com/Lance-Mao/flash-sale-system/app/usercenter/cmd/rpc/pb/usercenter.pb.go:1090.3,1090.87 1 0
github.com/Lance-Mao/flash-sale-system/app/usercenter/cmd/rpc/pb/usercenter.pb.go:1090.87,1091.34 1 0
github.com/Lance-Mao/flash-sale-system/app/usercenter/cmd/rpc/pb/usercenter.pb.go:1092.11,1093.20 1 0
github.com/Lance-Mao/flash-sale-system/app/usercenter/cmd/rpc/pb/usercenter.pb.go:1094.11,1095.24 1 0
github.com/Lance-Mao/flash-sale-system/app/usercenter/cmd/rpc/pb/usercenter.pb.go:1096.11,1097.28 1 0
github.com/Lance-Mao/flash-sale-system/app/usercenter/cmd/rpc/pb/usercenter.pb.go:1098.12,1099.15 1 0
github.com/Lance-Mao/flash-sale-system/app/usercenter/cmd/rpc/pb/usercenter.pb.go:1102.3,1102.87 1 0
github.com/Lance-Mao/flash-sale-system/app/usercenter/cmd/rpc/pb/usercenter.pb.go:1102.87,1103.39 1 0
github.com/Lance-Mao/flash-sale-system/app/usercenter/cmd/rpc/pb/usercenter.pb.go:1104.11,1105.20 1 0
github.com/Lance-Mao/flash-sale-system/app/usercenter/cmd/rpc/pb/usercenter.pb.go:1106.11,1107.24 1 0
github.com/Lance-Mao/flash-sale-system/app/usercenter/cmd/rpc/pb/usercenter.pb.go:1108.11,1109.28 1 0
github.com/Lance-Mao/flash-sale-system/app/usercenter/cmd/rpc/pb/usercenter.pb.go:1110.12,1111.15 1 0
github.com/Lance-Mao/flash-sale-system/app/usercenter/cmd/rpc/pb/usercenter.pb.go:1114.3,1114.87 1 0
github.com/Lance-Mao/flash-sale-system/app/usercenter/cmd/rpc/pb/usercenter.pb.go:1114.87,1115.40 1 0
github.com/Lance-Mao/flash-sale-system/app/usercenter/cmd/rpc/pb/usercenter.pb.go:1116.11,1117.20 1 0
github.com/Lance-Mao/flash-sale-system/app/usercenter/cmd/rpc/pb/usercenter.pb.go:1118.11,1119.24 1 0
github.com/Lance-Mao/flash-sale-system/app/usercenter/cmd/rpc/pb/usercenter.pb.go:1120.11,1121.28 1 0
github.com/Lance-Mao/flash-sale-system/app/usercenter/cmd/rpc/pb/usercenter.pb.go:1122.12,1123.15 1 0
github.com/Lance-Mao/flash-sale-system/app/usercenter/cmd/rpc/pb/usercenter.pb.go:1126.3,1126.87 1 0
github.com/Lance-Mao/flash-sale-system/app/usercenter/cmd/rpc/pb/usercenter.pb.go:1126.87,1127.48 1 0
github.com/Lance-Mao/flash-sale-system/app/usercenter/cmd/rpc/pb/usercenter.pb.go:1128.11,1129.20 1 0
github.com/Lance-Mao/flash-sale-system/app/usercenter/cmd/rpc/pb/usercenter.pb.go:1130.11,1131.24 1 0
github.com/Lance-Mao/flash-sale-system/app/usercenter/cmd/rpc/pb/usercenter.pb.go:1132.11,1133.28 1 0
github.com/Lance-Mao/flash-sale-system/app/usercenter/cmd/rpc/pb/usercenter.pb.go:1134.12,1135.15 1 0
github.com/Lance-Mao/flash-sale-system/app/usercenter/cmd/rpc/pb/usercenter.pb.go:1138.3,1138.87 1 0
github.com/Lance-Mao/flash-sale-system/app/usercenter/cmd/rpc/pb/usercenter.pb.go:1138.87,1139.49 1 0
github.com/Lance-Mao/flash-sale-system/app/usercenter/cmd/rpc/pb/usercenter.pb.go:1140.11,1141.20 1 0
github.com/Lance-Mao/flash-sale-system/app/usercenter/cmd/rpc/pb/usercenter.pb.go:1142.11,1143.24 1 0
github.com/Lance-Mao/flash-sale-system/app/usercenter/cmd/rpc/pb/usercenter.pb.go:1144.11,1145.28 1 0
github.com/Lance-Mao/flash-sale-system/app/usercenter/cmd/rpc/pb/usercenter.pb.go:1146.12,1147.15 1 0
github.com/Lance-Mao/flash-sale-system/app/usercenter/cmd/rpc/pb/usercenter.pb.go:1150.3,1150.88 1 0
github.com/Lance-Mao/flash-sale-system/app/usercenter/cmd/rpc/pb/usercenter.pb.go:1150.88,1151.47 1 0
github.com/Lance-Mao/flash-sale-system/app/usercenter/cmd/rpc/pb/usercenter.pb.go:1152.11,1153.20 1 0
github.com/Lance-Mao/flash-sale-system/app/usercenter/cmd/rpc/pb/usercenter.pb.go:1154.11,1155.24 1 0
github.com/Lance-Mao/flash-sale-system/app/usercenter/cmd/rpc/pb/usercenter.pb.go:1156.11,1157.28 1 0
github.com/Lance-Mao/flash-sale-system/app/usercenter/cmd/rpc/pb/usercenter.pb.go:1158.12,1159.15 1 0
github.com/Lance-Mao/flash-sale-system/app/usercenter/cmd/rpc/pb/usercenter.pb.go:1162.3,1162.88 1 0
github.com/Lance-Mao/flash-sale-system/app/usercenter/cmd/rpc/pb/usercenter.pb.go:1162.88,1163.47 1 0
github.com/Lance-Mao/flash-sale-system/app/usercenter/cmd/rpc/pb/usercenter.pb.go:1164.11,1165.20 1 0
github.com/Lance-Mao/flash-sale-system/app/usercenter/cmd/rpc/pb/usercenter.pb.go:1166.11,1167.24 1 0
github.com/Lance-Mao/flash-sale-system/app/usercenter/cmd/rpc/pb/usercenter.pb.go:1168.11,1169.28 1 0
github.com/Lance-Mao/flash-sale-system/app/usercenter/cmd/rpc/pb/usercenter.pb.go:1170.12,1171.15 1 0
github.com/Lance-Mao/flash-sale-system/app/usercenter/cmd/rpc/pb/usercenter.pb.go:1174.3,1174.88 1 0
github.com/Lance-Mao/flash-sale-system/app/usercenter/cmd/rpc/pb/usercenter.pb.go:1174.88,1175.41 1 0
github.com/Lance-Mao/flash-sale-system/app/usercenter/cmd/rpc/pb/usercenter.pb.go:1176.11,1177.20 1 0
github.com/Lance-Mao/flash-sale-system/app/usercenter/cmd/rpc/pb/usercenter.pb.go:1178.11,1179.24 1 0
github.com/Lance-Mao/flash-sale-system/app/usercenter/cmd/rpc/pb/usercenter.pb.go:1180.11,1181.28 1 0
github.com/Lance-Mao/flash-sale-system/app/usercenter/cmd/rpc/pb/usercenter.pb.go:1182.12,1183.15 1 0
github.com/Lance-Mao/flash-sale-system/app/usercenter/cmd/rpc/pb/usercenter.pb.go:1186.3,1186.88 1 0
github.com/Lance-Mao/flash-sale-system/app/usercenter/cmd/rpc/pb/usercenter.pb.go:1186.88,1187.42 1 0
github.com/Lance-Mao/flash-sale-system/app/usercenter/cmd/rpc/pb/usercenter.pb.go:1188.11,1189.20 1 0
github.com/Lance-Mao/flash-sale-system/app/usercenter/cmd/rpc/pb/usercenter.pb.go:1190.11,1191.24 1 0
github.com/Lance-Mao/flash-sale-system/app/usercenter/cmd/rpc/pb/usercenter.pb.go:1192.11,1193.28 1 0
github.com/Lance-Mao/flash-sale-system/app/usercenter/cmd/rpc/pb/usercenter.pb.go:1194.12,1195.15 1 0
github.com/Lance-Mao/flash-sale-system/app/usercenter/cmd/rpc/pb/usercenter.pb.go:1199.2,1216.37 6 0
github.com/Lance-Mao/flash-sale-system/app/usercenter/cmd/rpc/pb/usercenter_grpc.pb.go:38.72,40.2 1 0
github.com/Lance-Mao/flash-sale-system/app/usercenter/cmd/rpc/pb/usercenter_grpc.pb.go:42.114,45.16 3 0
github.com/Lance-Mao/flash-sale-system/app/usercenter/cmd/rpc/pb/usercenter_grpc.pb.go:45.16,47.3 1 0
github.com/Lance-Mao/flash-sale-system/app/usercenter/cmd/rpc/pb/usercenter_grpc.pb.go:48.2,48.17 1 0
github.com/Lance-Mao/flash-sale-system/app/usercenter/cmd/rpc/pb/usercenter_grpc.pb.go:51.123,54.16 3 0
github.com/Lance-Mao/flash-sale-system/app/usercenter/cmd/rpc/pb/usercenter_grpc.pb.go:54.16,56.3 1 0
github.com/Lance-Mao/flash-sale-system/app/usercenter/cmd/rpc/pb/usercenter_grpc.pb.go:57.2,57.17 1 0
github.com/Lance-Mao/flash-sale-system/app/usercenter/cmd/rpc/pb/usercenter_grpc.pb.go:60.132,63.16 3 0
github.com/Lance-Mao/flash-sale-system/app/usercenter/cmd/rpc/pb/usercenter_grpc.pb.go:63.16,65.3 1 0
github.com/Lance-Mao/flash-sale-system/app/usercenter/cmd/rpc/pb/usercenter_grpc.pb.go:66.2,66.17 1 0
github.com/Lance-Mao/flash-sale-system/app/usercenter/cmd/rpc/pb/usercenter_grpc.pb.go:69.159,72.16 3 0
github.com/Lance-Mao/flash-sale-system/app/usercenter/cmd/rpc/pb/usercenter_grpc.pb.go:72.16,74.3 1 0
github.com/Lance-Mao/flash-sale-system/app/usercenter/cmd/rpc/pb/usercenter_grpc.pb.go:75.2,75.17 1 0
github.com/Lance-Mao/flash-sale-system/app/usercenter/cmd/rpc/pb/usercenter_grpc.pb.go:78.155,81.16 3 0
github.com/Lance-Mao/flash-sale-system/app/usercenter/cmd/rpc/pb/usercenter_grpc.pb.go:81.16,83.3 1 0
github.com/Lance-Mao/flash-sale-system/app/usercenter/cmd/rpc/pb/usercenter_grpc.pb.go:84.2,84.17 1 0
github.com/Lance-Mao/flash-sale-system/app/usercenter/cmd/rpc/pb/usercenter_grpc.pb.go:87.138,90.16 3 0
github.com/Lance-Mao/flash-sale-system/app/usercenter/cmd/rpc/pb/usercenter_grpc.pb.go:90.16,92.3 1 0
github.com/Lance-Mao/flash-sale-system/app/usercenter/cmd/rpc/pb/usercenter_grpc.pb.go:93.2,93.17 1 0
github.com/Lance-Mao/flash-sale-system/app/usercenter/cmd/rpc/pb/usercenter_grpc.pb.go:113.92,115.2 1 0
github.com/Lance-Mao/flash-sale-system/app/usercenter/cmd/rpc/pb/usercenter_grpc.pb.go:116.101,118.2 1 0
github.com/Lance-Mao/flash-sale-system/app/usercenter/cmd/rpc/pb/usercenter_grpc.pb.go:119.110,121.2 1 0
github.com/Lance-Mao/flash-sale-system/app/usercenter/cmd/rpc/pb/usercenter_grpc.pb.go:122.137,124.2 1 0
github.com/Lance-Mao/flash-sale-system/app/usercenter/cmd/rpc/pb/usercenter_grpc.pb.go:125.133,127.2 1 0
github.com/Lance-Mao/flash-sale-system/app/usercenter/cmd/rpc/pb/usercenter_grpc.pb.go:128.116,130.2 1 0
github.com/Lance-Mao/flash-sale-system/app/usercenter/cmd/rpc/pb/usercenter_grpc.pb.go:131.80,131.81 0 0
github.com/Lance-Mao/flash-sale-system/app/usercenter/cmd/rpc/pb/usercenter_grpc.pb.go:140.78,142.2 1 0
github.com/Lance-Mao/flash-sale-system/app/usercenter/cmd/rpc/pb/usercenter_grpc.pb.go:144.161,146.32 2 0
github.com/Lance-Mao/flash-sale-system/app/usercenter/cmd/rpc/pb/usercenter_grpc.pb.go:146.32,148.3 1 0
github.com/Lance-Mao/flash-sale-system/app/usercenter/cmd/rpc/pb/usercenter_grpc.pb.go:149.2,149.24 1 0
github.com/Lance-Mao/flash-sale-system/app/usercenter/cmd/rpc/pb/usercenter_grpc.pb.go:149.24,151.3 1 0
github.com/Lance-Mao/flash-sale-system/app/usercenter/cmd/rpc/pb/usercenter_grpc.pb.go:152.2,156.77 2 0
github.com/Lance-Mao/flash-sale-system/app/usercenter/cmd/rpc/pb/usercenter_grpc.pb.go:156.77,158.3 1 0
github.com/Lance-Mao/flash-sale-system/app/usercenter/cmd/rpc/pb/usercenter_grpc.pb.go:159.2,159.44 1 0
github.com/Lance-Mao/flash-sale-system/app/usercenter/cmd/rpc/pb/usercenter_grpc.pb.go:162.164,164.32 2 0
github.com/Lance-Mao/flash-sale-system/app/usercenter/cmd/rpc/pb/usercenter_grpc.pb.go:164.32,166.3 1 0
github.com/Lance-Mao/flash-sale-system/app/usercenter/cmd/rpc/pb/usercenter_grpc.pb.go:167.2,167.24 1 0
github.com/Lance-Mao/flash-sale-system/app/usercenter/cmd/rpc/pb/usercenter_grpc.pb.go:167.24,169.3 1 0
github.com/Lance-Mao/flash-sale-system/app/usercenter/cmd/rpc/pb/usercenter_grpc.pb.go:170.2,174.77 2 0
github.com/Lance-Mao/flash-sale-system/app/usercenter/cmd/rpc/pb/usercenter_grpc.pb.go:174.77,176.3 1 0
github.com/Lance-Mao/flash-sale-system/app/usercenter/cmd/rpc/pb/usercenter_grpc.pb.go:177.2,177.44 1 0
github.com/Lance-Mao/flash-sale-system/app/usercenter/cmd/rpc/pb/usercenter_grpc.pb.go:180.167,182.32 2 0
github.com/Lance-Mao/flash-sale-system/app/usercenter/cmd/rpc/pb/usercenter_grpc.pb.go:182.32,184.3 1 0
github.com/Lance-Mao/flash-sale-system/app/usercenter/cmd/rpc/pb/usercenter_grpc.pb.go:185.2,185.24 1 0
github.com/Lance-Mao/flash-sale-system/app/usercenter/cmd/rpc/pb/usercenter_grpc.pb.go:185.24,187.3 1 0
github.com/Lance-Mao/flash-sale-system/app/usercenter/cmd/rpc/pb/usercenter_grpc.pb.go:188.2,192.77 2 0
github.com/Lance-Mao/flash-sale-system/app/usercenter/cmd/rpc/pb/usercenter_grpc.pb.go:192.77,194.3 1 0
github.com/Lance-Mao/flash-sale-system/app/usercenter/cmd/rpc/pb/usercenter_grpc.pb.go:195.2,195.44 1 0
github.com/Lance-Mao/flash-sale-system/app/usercenter/cmd/rpc/pb/usercenter_grpc.pb.go:198.176,200.32 2 0
github.com/Lance-Mao/flash-sale-system/app/usercenter/cmd/rpc/pb/usercenter_grpc.pb.go:200.32,202.3 1 0
github.com/Lance-Mao/flash-sale-system/app/usercenter/cmd/rpc/pb/usercenter_grpc.pb.go:203.2,203.24 1 0
github.com/Lance-Mao/flash-sale-system/app/usercenter/cmd/rpc/pb/usercenter_grpc.pb.go:203.24,205.3 1 0
github.com/Lance-Mao/flash-sale-system/app/usercenter/cmd/rpc/pb/usercenter_grpc.pb.go:206.2,210.77 2 0
github.com/Lance-Mao/flash-sale-system/app/usercenter/cmd/rpc/pb/usercenter_grpc.pb.go:210.77,212.3 1 0
github.com/Lance-Mao/flash-sale-system/app/usercenter/cmd/rpc/pb/usercenter_grpc.pb.go:213.2,213.44 1 0
github.com/Lance-Mao/flash-sale-system/app/usercenter/cmd/rpc/pb/usercenter_grpc.pb.go:216.175,218.32 2 0
github.com/Lance-Mao/flash-sale-system/app/usercenter/cmd/rpc/pb/usercenter_grpc.pb.go:218.32,220.3 1 0
github.com/Lance-Mao/flash-sale-system/app/usercenter/cmd/rpc/pb/usercenter_grpc.pb.go:221.2,221.24 1 0
github.com/Lance-Mao/flash-sale-system/app/usercenter/cmd/rpc/pb/usercenter_grpc.pb.go:221.24,223.3 1 0
github.com/Lance-Mao/flash-sale-system/app/usercenter/cmd/rpc/pb/usercenter_grpc.pb.go:224.2,228.77 2 0
github.com/Lance-Mao/flash-sale-system/app/usercenter/cmd/rpc/pb/usercenter_grpc.pb.go:228.77,230.3 1 0
github.com/Lance-Mao/flash-sale-system/app/usercenter/cmd/rpc/pb/usercenter_grpc.pb.go:231.2,231.44 1 0
github.com/Lance-Mao/flash-sale-system/app/usercenter/cmd/rpc/pb/usercenter_grpc.pb.go:234.169,236.32 2 0
github.com/Lance-Mao/flash-sale-system/app/usercenter/cmd/rpc/pb/usercenter_grpc.pb.go:236.32,238.3 1 0
github.com/Lance-Mao/flash-sale-system/app/usercenter/cmd/rpc/pb/usercenter_grpc.pb.go:239.2,239.24 1 0
github.com/Lance-Mao/flash-sale-system/app/usercenter/cmd/rpc/pb/usercenter_grpc.pb.go:239.24,241.3 1 0
github.com/Lance-Mao/flash-sale-system/app/usercenter/cmd/rpc/pb/usercenter_grpc.pb.go:242.2,246.77 2 0
github.com/Lance-Mao/flash-sale-system/app/usercenter/cmd/rpc/pb/usercenter_grpc.pb.go:246.77,248.3 1 0
github.com/Lance-Mao/flash-sale-system/app/usercenter/cmd/rpc/pb/usercenter_grpc.pb.go:249.2,249.44 1 0
github.com/Lance-Mao/flash-sale-system/app/usercenter/cmd/rpc/internal/svc/serviceContext.go:19.57,25.61 2 0
github.com/Lance-Mao/flash-sale-system/app/usercenter/cmd/rpc/internal/svc/serviceContext.go:25.61,28.4 2 0
github.com/Lance-Mao/flash-sale-system/pkg/xerr/errMsg.go:5.13,14.2 8 0
github.com/Lance-Mao/flash-sale-system/pkg/xerr/errMsg.go:16.39,17.37 1 0
github.com/Lance-Mao/flash-sale-system/pkg/xerr/errMsg.go:17.37,19.3 1 0
github.com/Lance-Mao/flash-sale-system/pkg/xerr/errMsg.go:19.8,21.3 1 0
github.com/Lance-Mao/flash-sale-system/pkg/xerr/errMsg.go:24.37,25.35 1 0
github.com/Lance-Mao/flash-sale-system/pkg/xerr/errMsg.go:25.35,27.3 1 0
github.com/Lance-Mao/flash-sale-system/pkg/xerr/errMsg.go:27.8,29.3 1 0
github.com/Lance-Mao/flash-sale-system/pkg/xerr/errors.go:17.41,19.2 1 0
github.com/Lance-Mao/flash-sale-system/pkg/xerr/errors.go:22.40,24.2 1 0
github.com/Lance-Mao/flash-sale-system/pkg/xerr/errors.go:26.36,28.2 1 0
github.com/Lance-Mao/flash-sale-system/pkg/xerr/errors.go:30.62,32.2 1 0
github.com/Lance-Mao/flash-sale-system/pkg/xerr/errors.go:33.44,35.2 1 0
github.com/Lance-Mao/flash-sale-system/pkg/xerr/errors.go:37.42,39.2 1 0
